# === first 50 lines (service startup context) ===
{"level":40,"time":"2026-04-22T04:50:26.813Z","service":"payment-gateway","pid":11812,"logger":"AdminController","cpu":{"enabled":true,"probability":0.5,"hashRounds":200000},"msg":"cpu simulation config changed at runtime"}
{"level":30,"time":"2026-04-22T04:50:26.814Z","service":"payment-gateway","pid":11812,"logger":"HttpAccess","req":{"method":"PUT","url":"/api/admin/config/cpu","remoteAddress":"127.0.0.1"},"res":{"statusCode":200},"responseTime":1,"msg":"request completed"}
{"level":30,"time":"2026-04-22T04:50:27.483Z","service":"payment-gateway","pid":11812,"logger":"PaymentService","traceId":"fcc624f5f4d8d4cb","txnId":"TXN-1776833427483-9423","amount":500000,"method":"GOPAY","msg":"payment request received"}
{"level":40,"time":"2026-04-22T04:50:27.630Z","service":"payment-gateway","pid":11812,"logger":"BankConnector","txnId":"TXN-1776833427483-9423","traceId":"fcc624f5f4d8d4cb","method":"GOPAY","amount":500000,"rc":"51","message":"Insufficient Funds","latencyMs":146,"upstream":"GOPAY","msg":"upstream authorize declined"}
{"level":40,"time":"2026-04-22T04:50:27.630Z","service":"payment-gateway","pid":11812,"logger":"PaymentService","traceId":"fcc624f5f4d8d4cb","txnId":"TXN-1776833427483-9423","amount":500000,"method":"GOPAY","rc":"51","status":"FAILED","message":"Insufficient Funds","bankLatencyMs":146,"cpuBurnMs":0,"totalLatencyMs":147,"msg":"payment declined"}
{"level":40,"time":"2026-04-22T04:50:27.630Z","service":"payment-gateway","pid":11812,"logger":"HttpAccess","req":{"method":"POST","url":"/api/payment","remoteAddress":"127.0.0.1"},"res":{"statusCode":402},"responseTime":147,"msg":"request completed"}
{"level":30,"time":"2026-04-22T04:50:27.740Z","service":"payment-gateway","pid":11812,"logger":"PaymentService","traceId":"aa456ff3abbb877c","txnId":"TXN-1776833427740-9424","amount":100000,"method":"VA_MANDIRI","msg":"payment request received"}
{"level":30,"time":"2026-04-22T04:50:27.835Z","service":"payment-gateway","pid":11812,"logger":"BankConnector","txnId":"TXN-1776833427740-9424","traceId":"aa456ff3abbb877c","method":"VA_MANDIRI","amount":100000,"rc":"00","message":"Approved","latencyMs":95,"upstream":"BANK_MANDIRI","msg":"upstream authorize approved"}
{"level":30,"time":"2026-04-22T04:50:27.835Z","service":"payment-gateway","pid":11812,"logger":"PaymentService","traceId":"aa456ff3abbb877c","txnId":"TXN-1776833427740-9424","amount":100000,"method":"VA_MANDIRI","rc":"00","status":"SUCCESS","message":"Approved","bankLatencyMs":95,"cpuBurnMs":0,"totalLatencyMs":95,"msg":"payment approved"}
{"level":30,"time":"2026-04-22T04:50:27.836Z","service":"payment-gateway","pid":11812,"logger":"HttpAccess","req":{"method":"POST","url":"/api/payment","remoteAddress":"127.0.0.1"},"res":{"statusCode":200},"responseTime":96,"msg":"request completed"}
{"level":30,"time":"2026-04-22T04:50:27.945Z","service":"payment-gateway","pid":11812,"logger":"PaymentService","traceId":"ceee88fe01fabe03","txnId":"TXN-1776833427945-9425","amount":100000,"method":"GOPAY","msg":"payment request received"}
{"level":40,"time":"2026-04-22T04:50:28.201Z","service":"payment-gateway","pid":11812,"logger":"PaymentService","traceId":"ceee88fe01fabe03","txnId":"TXN-1776833427945-9425","cpuBurnMs":256,"hashRounds":200000,"digestSample":"a357ddc2ec34c5a0","msg":"cpu-intensive fraud scoring executed"}
{"level":30,"time":"2026-04-22T04:50:28.201Z","service":"payment-gateway","pid":11812,"logger":"PaymentService","traceId":"9694723aec440438","txnId":"TXN-1776833428201-9426","amount":500000,"method":"CREDIT_CARD","msg":"payment request received"}
{"level":40,"time":"2026-04-22T04:50:28.445Z","service":"payment-gateway","pid":11812,"logger":"PaymentService","traceId":"9694723aec440438","txnId":"TXN-1776833428201-9426","cpuBurnMs":244,"hashRounds":200000,"digestSample":"3f0fb2e355b60e0e","msg":"cpu-intensive fraud scoring executed"}
{"level":40,"time":"2026-04-22T04:50:28.445Z","service":"payment-gateway","pid":11812,"logger":"BankConnector","txnId":"TXN-1776833427945-9425","traceId":"ceee88fe01fabe03","method":"GOPAY","amount":100000,"rc":"55","message":"Invalid PIN / OTP","latencyMs":125,"upstream":"GOPAY","msg":"upstream authorize declined"}
{"level":40,"time":"2026-04-22T04:50:28.445Z","service":"payment-gateway","pid":11812,"logger":"PaymentService","traceId":"ceee88fe01fabe03","txnId":"TXN-1776833427945-9425","amount":100000,"method":"GOPAY","rc":"55","status":"FAILED","message":"Invalid PIN / OTP","bankLatencyMs":125,"cpuBurnMs":256,"totalLatencyMs":500,"msg":"payment declined"}
{"level":40,"time":"2026-04-22T04:50:28.445Z","service":"payment-gateway","pid":11812,"logger":"HttpAccess","req":{"method":"POST","url":"/api/payment","remoteAddress":"127.0.0.1"},"res":{"statusCode":401},"responseTime":500,"msg":"request completed"}
{"level":30,"time":"2026-04-22T04:50:28.540Z","service":"payment-gateway","pid":11812,"logger":"BankConnector","txnId":"TXN-1776833428201-9426","traceId":"9694723aec440438","method":"CREDIT_CARD","amount":500000,"rc":"00","message":"Approved","latencyMs":96,"upstream":"VISA_MC_ACQUIRER","msg":"upstream authorize approved"}
{"level":30,"time":"2026-04-22T04:50:28.541Z","service":"payment-gateway","pid":11812,"logger":"PaymentService","traceId":"9694723aec440438","txnId":"TXN-1776833428201-9426","amount":500000,"method":"CREDIT_CARD","rc":"00","status":"SUCCESS","message":"Approved","bankLatencyMs":96,"cpuBurnMs":244,"totalLatencyMs":340,"msg":"payment approved"}
{"level":30,"time":"2026-04-22T04:50:28.541Z","service":"payment-gateway","pid":11812,"logger":"HttpAccess","req":{"method":"POST","url":"/api/payment","remoteAddress":"127.0.0.1"},"res":{"statusCode":200},"responseTime":340,"msg":"request completed"}
{"level":30,"time":"2026-04-22T04:50:28.683Z","service":"payment-gateway","pid":11812,"logger":"PaymentService","traceId":"799ba891f7e6d789","txnId":"TXN-1776833428683-9427","amount":10000,"method":"CREDIT_CARD","msg":"payment request received"}
{"level":30,"time":"2026-04-22T04:50:28.683Z","service":"payment-gateway","pid":11812,"logger":"PaymentService","traceId":"995395a139a15504","txnId":"TXN-1776833428683-9428","amount":100000,"method":"QRIS","msg":"payment request received"}
{"level":30,"time":"2026-04-22T04:50:28.684Z","service":"payment-gateway","pid":11812,"logger":"PaymentService","traceId":"3523de00fde85b11","txnId":"TXN-1776833428684-9429","amount":25000,"method":"VA_MANDIRI","msg":"payment request received"}
{"level":40,"time":"2026-04-22T04:50:28.927Z","service":"payment-gateway","pid":11812,"logger":"PaymentService","traceId":"3523de00fde85b11","txnId":"TXN-1776833428684-9429","cpuBurnMs":243,"hashRounds":200000,"digestSample":"ee2f8ef9c25f2f1f","msg":"cpu-intensive fraud scoring executed"}
{"level":40,"time":"2026-04-22T04:50:28.927Z","service":"payment-gateway","pid":11812,"logger":"BankConnector","txnId":"TXN-1776833428683-9428","traceId":"995395a139a15504","method":"QRIS","amount":100000,"rc":"55","message":"Invalid PIN / OTP","latencyMs":64,"upstream":"ASPI_QRIS_SWITCH","msg":"upstream authorize declined"}
{"level":40,"time":"2026-04-22T04:50:28.927Z","service":"payment-gateway","pid":11812,"logger":"PaymentService","traceId":"995395a139a15504","txnId":"TXN-1776833428683-9428","amount":100000,"method":"QRIS","rc":"55","status":"FAILED","message":"Invalid PIN / OTP","bankLatencyMs":64,"cpuBurnMs":0,"totalLatencyMs":244,"msg":"payment declined"}
{"level":40,"time":"2026-04-22T04:50:28.928Z","service":"payment-gateway","pid":11812,"logger":"HttpAccess","req":{"method":"POST","url":"/api/payment","remoteAddress":"127.0.0.1"},"res":{"statusCode":401},"responseTime":245,"msg":"request completed"}
{"level":30,"time":"2026-04-22T04:50:28.928Z","service":"payment-gateway","pid":11812,"logger":"BankConnector","txnId":"TXN-1776833428683-9427","traceId":"799ba891f7e6d789","method":"CREDIT_CARD","amount":10000,"rc":"00","message":"Approved","latencyMs":78,"upstream":"VISA_MC_ACQUIRER","msg":"upstream authorize approved"}
{"level":30,"time":"2026-04-22T04:50:28.928Z","service":"payment-gateway","pid":11812,"logger":"PaymentService","traceId":"799ba891f7e6d789","txnId":"TXN-1776833428683-9427","amount":10000,"method":"CREDIT_CARD","rc":"00","status":"SUCCESS","message":"Approved","bankLatencyMs":78,"cpuBurnMs":0,"totalLatencyMs":245,"msg":"payment approved"}
{"level":30,"time":"2026-04-22T04:50:28.928Z","service":"payment-gateway","pid":11812,"logger":"HttpAccess","req":{"method":"POST","url":"/api/payment","remoteAddress":"127.0.0.1"},"res":{"statusCode":200},"responseTime":245,"msg":"request completed"}
{"level":30,"time":"2026-04-22T04:50:29.011Z","service":"payment-gateway","pid":11812,"logger":"BankConnector","txnId":"TXN-1776833428684-9429","traceId":"3523de00fde85b11","method":"VA_MANDIRI","amount":25000,"rc":"00","message":"Approved","latencyMs":85,"upstream":"BANK_MANDIRI","msg":"upstream authorize approved"}
{"level":30,"time":"2026-04-22T04:50:29.012Z","service":"payment-gateway","pid":11812,"logger":"PaymentService","traceId":"3523de00fde85b11","txnId":"TXN-1776833428684-9429","amount":25000,"method":"VA_MANDIRI","rc":"00","status":"SUCCESS","message":"Approved","bankLatencyMs":85,"cpuBurnMs":243,"totalLatencyMs":328,"msg":"payment approved"}
{"level":30,"time":"2026-04-22T04:50:29.012Z","service":"payment-gateway","pid":11812,"logger":"HttpAccess","req":{"method":"POST","url":"/api/payment","remoteAddress":"127.0.0.1"},"res":{"statusCode":200},"responseTime":328,"msg":"request completed"}
{"level":30,"time":"2026-04-22T04:50:29.068Z","service":"payment-gateway","pid":11812,"logger":"PaymentService","traceId":"f662799ce4a74091","txnId":"TXN-1776833429068-9430","amount":100000,"method":"VA_BCA","msg":"payment request received"}
{"level":30,"time":"2026-04-22T04:50:29.068Z","service":"payment-gateway","pid":11812,"logger":"PaymentService","traceId":"4e240f32a8f80705","txnId":"TXN-1776833429068-9431","amount":10000,"method":"QRIS","msg":"payment request received"}
{"level":30,"time":"2026-04-22T04:50:29.110Z","service":"payment-gateway","pid":11812,"logger":"BankConnector","txnId":"TXN-1776833429068-9431","traceId":"4e240f32a8f80705","method":"QRIS","amount":10000,"rc":"00","message":"Approved","latencyMs":42,"upstream":"ASPI_QRIS_SWITCH","msg":"upstream authorize approved"}
{"level":30,"time":"2026-04-22T04:50:29.110Z","service":"payment-gateway","pid":11812,"logger":"PaymentService","traceId":"4e240f32a8f80705","txnId":"TXN-1776833429068-9431","amount":10000,"method":"QRIS","rc":"00","status":"SUCCESS","message":"Approved","bankLatencyMs":42,"cpuBurnMs":0,"totalLatencyMs":42,"msg":"payment approved"}
{"level":30,"time":"2026-04-22T04:50:29.111Z","service":"payment-gateway","pid":11812,"logger":"HttpAccess","req":{"method":"POST","url":"/api/payment","remoteAddress":"127.0.0.1"},"res":{"statusCode":200},"responseTime":43,"msg":"request completed"}
{"level":30,"time":"2026-04-22T04:50:29.160Z","service":"payment-gateway","pid":11812,"logger":"BankConnector","txnId":"TXN-1776833429068-9430","traceId":"f662799ce4a74091","method":"VA_BCA","amount":100000,"rc":"00","message":"Approved","latencyMs":92,"upstream":"BANK_BCA","msg":"upstream authorize approved"}
{"level":30,"time":"2026-04-22T04:50:29.160Z","service":"payment-gateway","pid":11812,"logger":"PaymentService","traceId":"f662799ce4a74091","txnId":"TXN-1776833429068-9430","amount":100000,"method":"VA_BCA","rc":"00","status":"SUCCESS","message":"Approved","bankLatencyMs":92,"cpuBurnMs":0,"totalLatencyMs":92,"msg":"payment approved"}
{"level":30,"time":"2026-04-22T04:50:29.160Z","service":"payment-gateway","pid":11812,"logger":"HttpAccess","req":{"method":"POST","url":"/api/payment","remoteAddress":"127.0.0.1"},"res":{"statusCode":200},"responseTime":92,"msg":"request completed"}
{"level":30,"time":"2026-04-22T04:50:29.167Z","service":"payment-gateway","pid":11812,"logger":"PaymentService","traceId":"7be4989954118b89","txnId":"TXN-1776833429167-9432","amount":10000,"method":"VA_BSI","msg":"payment request received"}
{"level":30,"time":"2026-04-22T04:50:29.220Z","service":"payment-gateway","pid":11812,"logger":"PaymentService","traceId":"4e7b5c3708ba3d44","txnId":"TXN-1776833429220-9433","amount":500000,"method":"GOPAY","msg":"payment request received"}
{"level":40,"time":"2026-04-22T04:50:29.465Z","service":"payment-gateway","pid":11812,"logger":"PaymentService","traceId":"4e7b5c3708ba3d44","txnId":"TXN-1776833429220-9433","cpuBurnMs":245,"hashRounds":200000,"digestSample":"ca6b107961b67b60","msg":"cpu-intensive fraud scoring executed"}
{"level":30,"time":"2026-04-22T04:50:29.465Z","service":"payment-gateway","pid":11812,"logger":"BankConnector","txnId":"TXN-1776833429167-9432","traceId":"7be4989954118b89","method":"VA_BSI","amount":10000,"rc":"00","message":"Approved","latencyMs":170,"upstream":"BANK_BSI","msg":"upstream authorize approved"}
{"level":30,"time":"2026-04-22T04:50:29.465Z","service":"payment-gateway","pid":11812,"logger":"PaymentService","traceId":"7be4989954118b89","txnId":"TXN-1776833429167-9432","amount":10000,"method":"VA_BSI","rc":"00","status":"SUCCESS","message":"Approved","bankLatencyMs":170,"cpuBurnMs":0,"totalLatencyMs":298,"msg":"payment approved"}
{"level":30,"time":"2026-04-22T04:50:29.465Z","service":"payment-gateway","pid":11812,"logger":"HttpAccess","req":{"method":"POST","url":"/api/payment","remoteAddress":"127.0.0.1"},"res":{"statusCode":200},"responseTime":298,"msg":"request completed"}
{"level":30,"time":"2026-04-22T04:50:29.466Z","service":"payment-gateway","pid":11812,"logger":"PaymentService","traceId":"961ebcf492c0b9c1","txnId":"TXN-1776833429466-9434","amount":500000,"method":"QRIS","msg":"payment request received"}
{"level":40,"time":"2026-04-22T04:50:29.710Z","service":"payment-gateway","pid":11812,"logger":"PaymentService","traceId":"961ebcf492c0b9c1","txnId":"TXN-1776833429466-9434","cpuBurnMs":244,"hashRounds":200000,"digestSample":"fa390ef520cd5291","msg":"cpu-intensive fraud scoring executed"}
{"level":30,"time":"2026-04-22T04:50:29.710Z","service":"payment-gateway","pid":11812,"logger":"BankConnector","txnId":"TXN-1776833429220-9433","traceId":"4e7b5c3708ba3d44","method":"GOPAY","amount":500000,"rc":"00","message":"Approved","latencyMs":122,"upstream":"GOPAY","msg":"upstream authorize approved"}

# === 100 PaymentService records (random sample from peak period) ===
{"level":30,"time":"2026-04-22T04:50:33.066Z","service":"payment-gateway","pid":11812,"logger":"PaymentService","traceId":"ca4df422d2388e91","txnId":"TXN-1776833433066-9466","amount":10000,"method":"GOPAY","msg":"payment request received"}
{"level":30,"time":"2026-04-22T04:50:37.486Z","service":"payment-gateway","pid":11812,"logger":"PaymentService","traceId":"39e589a2a35f134a","txnId":"TXN-1776833437008-9500","amount":100000,"method":"CREDIT_CARD","rc":"00","status":"SUCCESS","message":"Approved","bankLatencyMs":161,"cpuBurnMs":233,"totalLatencyMs":478,"msg":"payment approved"}
{"level":30,"time":"2026-04-22T04:50:42.296Z","service":"payment-gateway","pid":11812,"logger":"PaymentService","traceId":"e905a0e2ee763884","txnId":"TXN-1776833441803-9544","amount":25000,"method":"CREDIT_CARD","rc":"00","status":"SUCCESS","message":"Approved","bankLatencyMs":157,"cpuBurnMs":240,"totalLatencyMs":493,"msg":"payment approved"}
{"level":30,"time":"2026-04-22T04:50:48.251Z","service":"payment-gateway","pid":11812,"logger":"PaymentService","traceId":"775ce69b64e0accc","txnId":"TXN-1776833447752-9582","amount":10000,"method":"VA_BSI","rc":"00","status":"SUCCESS","message":"Approved","bankLatencyMs":136,"cpuBurnMs":248,"totalLatencyMs":499,"msg":"payment approved"}
{"level":30,"time":"2026-04-22T04:50:53.205Z","service":"payment-gateway","pid":11812,"logger":"PaymentService","traceId":"8e112b7099387d06","txnId":"TXN-1776833452725-9622","amount":10000,"method":"CREDIT_CARD","rc":"00","status":"SUCCESS","message":"Approved","bankLatencyMs":114,"cpuBurnMs":236,"totalLatencyMs":480,"msg":"payment approved"}
{"level":30,"time":"2026-04-22T04:50:57.641Z","service":"payment-gateway","pid":11812,"logger":"PaymentService","traceId":"7a8dc1f92ce2990d","txnId":"TXN-1776833457641-9666","amount":500000,"method":"GOPAY","msg":"payment request received"}
{"level":40,"time":"2026-04-22T04:51:02.778Z","service":"payment-gateway","pid":11812,"logger":"PaymentService","traceId":"8d2b406069fa1076","txnId":"TXN-1776833462544-9705","cpuBurnMs":234,"hashRounds":200000,"digestSample":"d306f963de32f287","msg":"cpu-intensive fraud scoring executed"}
{"level":40,"time":"2026-04-22T04:51:08.344Z","service":"payment-gateway","pid":11812,"logger":"PaymentService","traceId":"edea2ea3e1010255","txnId":"TXN-1776833468107-9744","cpuBurnMs":237,"hashRounds":200000,"digestSample":"f3cd3141a8df93ab","msg":"cpu-intensive fraud scoring executed"}
{"level":30,"time":"2026-04-22T04:51:13.665Z","service":"payment-gateway","pid":11812,"logger":"PaymentService","traceId":"b451c5124f6e1d3a","txnId":"TXN-1776833473665-9783","amount":100000,"method":"OVO","msg":"payment request received"}
{"level":40,"time":"2026-04-22T04:51:19.217Z","service":"payment-gateway","pid":11812,"logger":"PaymentService","traceId":"f47b90f7711346ed","txnId":"TXN-1776833478983-9822","cpuBurnMs":234,"hashRounds":200000,"digestSample":"66a24def03e30efe","msg":"cpu-intensive fraud scoring executed"}
{"level":30,"time":"2026-04-22T04:51:25.339Z","service":"payment-gateway","pid":11812,"logger":"PaymentService","traceId":"32cb8372c771433b","txnId":"TXN-1776833485338-9861","amount":50000,"method":"VA_MANDIRI","msg":"payment request received"}
{"level":30,"time":"2026-04-22T04:51:30.761Z","service":"payment-gateway","pid":11812,"logger":"PaymentService","traceId":"aac285b2b326a944","txnId":"TXN-1776833490761-9900","amount":50000,"method":"GOPAY","msg":"payment request received"}
{"level":40,"time":"2026-04-22T04:51:37.394Z","service":"payment-gateway","pid":11812,"logger":"PaymentService","traceId":"eb7826891a647c6a","txnId":"TXN-1776833497157-9937","cpuBurnMs":237,"hashRounds":200000,"digestSample":"f4f9dd87bb59f7cc","msg":"cpu-intensive fraud scoring executed"}
{"level":30,"time":"2026-04-22T04:51:42.587Z","service":"payment-gateway","pid":11812,"logger":"PaymentService","traceId":"9bd7e678c745dfd5","txnId":"TXN-1776833502074-9976","amount":25000,"method":"GOPAY","rc":"00","status":"SUCCESS","message":"Approved","bankLatencyMs":151,"cpuBurnMs":247,"totalLatencyMs":513,"msg":"payment approved"}
{"level":30,"time":"2026-04-22T04:51:48.109Z","service":"payment-gateway","pid":11812,"logger":"PaymentService","traceId":"b8694819b8d378ce","txnId":"TXN-1776833508109-10018","amount":100000,"method":"GOPAY","msg":"payment request received"}
{"level":30,"time":"2026-04-22T04:51:53.876Z","service":"payment-gateway","pid":11812,"logger":"PaymentService","traceId":"b5a999818d9ac63a","txnId":"TXN-1776833513876-10056","amount":100000,"method":"CREDIT_CARD","msg":"payment request received"}
{"level":30,"time":"2026-04-22T04:51:59.237Z","service":"payment-gateway","pid":11812,"logger":"PaymentService","traceId":"55b25a7e01716498","txnId":"TXN-1776833519237-10097","amount":25000,"method":"VA_BCA","msg":"payment request received"}
{"level":30,"time":"2026-04-22T04:52:02.679Z","service":"payment-gateway","pid":11812,"logger":"PaymentService","traceId":"fc047cf95928bb32","txnId":"TXN-1776833522170-10138","amount":500000,"method":"GOPAY","rc":"00","status":"SUCCESS","message":"Approved","bankLatencyMs":73,"cpuBurnMs":253,"totalLatencyMs":509,"msg":"payment approved"}
{"level":30,"time":"2026-04-22T04:52:07.538Z","service":"payment-gateway","pid":11812,"logger":"PaymentService","traceId":"ca0465cb246fb877","txnId":"TXN-1776833527538-10180","amount":25000,"method":"QRIS","msg":"payment request received"}
{"level":30,"time":"2026-04-22T04:52:12.994Z","service":"payment-gateway","pid":11812,"logger":"PaymentService","traceId":"1c07d91df7180c4b","txnId":"TXN-1776833532994-10219","amount":50000,"method":"VA_BCA","msg":"payment request received"}
{"level":40,"time":"2026-04-22T04:52:18.398Z","service":"payment-gateway","pid":11812,"logger":"PaymentService","traceId":"68f2eddcb64034ad","txnId":"TXN-1776833538163-10259","cpuBurnMs":235,"hashRounds":200000,"digestSample":"b40e67859f8661d4","msg":"cpu-intensive fraud scoring executed"}
{"level":30,"time":"2026-04-22T04:52:22.744Z","service":"payment-gateway","pid":11812,"logger":"PaymentService","traceId":"b353c2bc623dc19b","txnId":"TXN-1776833542744-10301","amount":100000,"method":"CREDIT_CARD","msg":"payment request received"}
{"level":30,"time":"2026-04-22T04:52:27.895Z","service":"payment-gateway","pid":11812,"logger":"PaymentService","traceId":"929d4d15936bf348","txnId":"TXN-1776833547656-10338","amount":100000,"method":"GOPAY","rc":"00","status":"SUCCESS","message":"Approved","bankLatencyMs":126,"cpuBurnMs":0,"totalLatencyMs":239,"msg":"payment approved"}
{"level":30,"time":"2026-04-22T04:52:32.793Z","service":"payment-gateway","pid":11812,"logger":"PaymentService","traceId":"44699a5c95b84739","txnId":"TXN-1776833552552-10379","amount":500000,"method":"OVO","rc":"00","status":"SUCCESS","message":"Approved","bankLatencyMs":48,"cpuBurnMs":0,"totalLatencyMs":241,"msg":"payment approved"}
{"level":40,"time":"2026-04-22T04:52:38.420Z","service":"payment-gateway","pid":11812,"logger":"PaymentService","traceId":"d4b38f728ac9bf6c","txnId":"TXN-1776833558162-10418","amount":10000,"method":"VA_MANDIRI","rc":"51","status":"FAILED","message":"Insufficient Funds","bankLatencyMs":178,"cpuBurnMs":0,"totalLatencyMs":258,"msg":"payment declined"}
{"level":40,"time":"2026-04-22T04:52:44.592Z","service":"payment-gateway","pid":11812,"logger":"PaymentService","traceId":"b49c3ead916f91b6","txnId":"TXN-1776833564348-10458","cpuBurnMs":243,"hashRounds":200000,"digestSample":"7a02002a74dd494e","msg":"cpu-intensive fraud scoring executed"}
{"level":30,"time":"2026-04-22T04:52:49.101Z","service":"payment-gateway","pid":11812,"logger":"PaymentService","traceId":"ba091f2f44be0f2c","txnId":"TXN-1776833568598-10498","amount":25000,"method":"VA_BCA","rc":"00","status":"SUCCESS","message":"Approved","bankLatencyMs":117,"cpuBurnMs":241,"totalLatencyMs":503,"msg":"payment approved"}
{"level":30,"time":"2026-04-22T04:52:54.646Z","service":"payment-gateway","pid":11812,"logger":"PaymentService","traceId":"69a1716b43c74ec6","txnId":"TXN-1776833574141-10538","amount":25000,"method":"GOPAY","rc":"00","status":"SUCCESS","message":"Approved","bankLatencyMs":140,"cpuBurnMs":241,"totalLatencyMs":505,"msg":"payment approved"}
{"level":30,"time":"2026-04-22T04:53:00.455Z","service":"payment-gateway","pid":11812,"logger":"PaymentService","traceId":"a3b169d8cc4221d2","txnId":"TXN-1776833580455-10579","amount":500000,"method":"QRIS","msg":"payment request received"}
{"level":30,"time":"2026-04-22T04:53:05.240Z","service":"payment-gateway","pid":11812,"logger":"PaymentService","traceId":"43aa005fefbe08b8","txnId":"TXN-1776833584979-10616","amount":500000,"method":"VA_BCA","rc":"00","status":"SUCCESS","message":"Approved","bankLatencyMs":138,"cpuBurnMs":0,"totalLatencyMs":261,"msg":"payment approved"}
{"level":30,"time":"2026-04-22T04:53:10.703Z","service":"payment-gateway","pid":11812,"logger":"PaymentService","traceId":"1df23b9f70a2626d","txnId":"TXN-1776833590145-10657","amount":50000,"method":"VA_BCA","rc":"00","status":"SUCCESS","message":"Approved","bankLatencyMs":178,"cpuBurnMs":260,"totalLatencyMs":558,"msg":"payment approved"}
{"level":30,"time":"2026-04-22T04:53:15.821Z","service":"payment-gateway","pid":11812,"logger":"PaymentService","traceId":"31f0ba16a4c746d5","txnId":"TXN-1776833595329-10697","amount":100000,"method":"VA_BSI","rc":"00","status":"SUCCESS","message":"Approved","bankLatencyMs":113,"cpuBurnMs":238,"totalLatencyMs":492,"msg":"payment approved"}
{"level":30,"time":"2026-04-22T04:53:20.753Z","service":"payment-gateway","pid":11812,"logger":"PaymentService","traceId":"6bf83d544ad7beca","txnId":"TXN-1776833600499-10740","amount":500000,"method":"CREDIT_CARD","rc":"00","status":"SUCCESS","message":"Approved","bankLatencyMs":67,"cpuBurnMs":0,"totalLatencyMs":254,"msg":"payment approved"}
{"level":40,"time":"2026-04-22T04:53:24.813Z","service":"payment-gateway","pid":11812,"logger":"PaymentService","traceId":"e374b3522231289a","txnId":"TXN-1776833604572-10781","cpuBurnMs":241,"hashRounds":200000,"digestSample":"5c827fb846e6ae20","msg":"cpu-intensive fraud scoring executed"}
{"level":30,"time":"2026-04-22T04:53:29.025Z","service":"payment-gateway","pid":11812,"logger":"PaymentService","traceId":"82d2bc874408de68","txnId":"TXN-1776833608512-10819","amount":10000,"method":"OVO","rc":"00","status":"SUCCESS","message":"Approved","bankLatencyMs":146,"cpuBurnMs":257,"totalLatencyMs":512,"msg":"payment approved"}
{"level":40,"time":"2026-04-22T04:53:35.228Z","service":"payment-gateway","pid":11812,"logger":"PaymentService","traceId":"385e53b179880a5e","txnId":"TXN-1776833614987-10862","cpuBurnMs":241,"hashRounds":200000,"digestSample":"5de00f229acd25f8","msg":"cpu-intensive fraud scoring executed"}
{"level":40,"time":"2026-04-22T04:53:40.458Z","service":"payment-gateway","pid":11812,"logger":"PaymentService","traceId":"da58a21a61c85b16","txnId":"TXN-1776833620221-10902","cpuBurnMs":237,"hashRounds":200000,"digestSample":"0636bec0b988a7d0","msg":"cpu-intensive fraud scoring executed"}
{"level":30,"time":"2026-04-22T04:53:45.671Z","service":"payment-gateway","pid":11812,"logger":"PaymentService","traceId":"73d61d2f3473407f","txnId":"TXN-1776833625671-10943","amount":10000,"method":"VA_BCA","msg":"payment request received"}
{"level":30,"time":"2026-04-22T04:53:50.529Z","service":"payment-gateway","pid":11812,"logger":"PaymentService","traceId":"231aa7827b199035","txnId":"TXN-1776833630529-10982","amount":10000,"method":"OVO","msg":"payment request received"}
{"level":30,"time":"2026-04-22T04:53:54.913Z","service":"payment-gateway","pid":11812,"logger":"PaymentService","traceId":"26f8ca455e571515","txnId":"TXN-1776833634913-11025","amount":25000,"method":"QRIS","msg":"payment request received"}
{"level":30,"time":"2026-04-22T04:54:01.294Z","service":"payment-gateway","pid":11812,"logger":"PaymentService","traceId":"c87d157b3d122b11","txnId":"TXN-1776833641294-11061","amount":100000,"method":"GOPAY","msg":"payment request received"}
{"level":30,"time":"2026-04-22T04:54:07.012Z","service":"payment-gateway","pid":11812,"logger":"PaymentService","traceId":"bcd6b2ea9310cf8a","txnId":"TXN-1776833647012-11100","amount":25000,"method":"GOPAY","msg":"payment request received"}
{"level":30,"time":"2026-04-22T04:54:11.298Z","service":"payment-gateway","pid":11812,"logger":"PaymentService","traceId":"8784f510de73ca66","txnId":"TXN-1776833650808-11140","amount":500000,"method":"CREDIT_CARD","rc":"00","status":"SUCCESS","message":"Approved","bankLatencyMs":73,"cpuBurnMs":232,"totalLatencyMs":490,"msg":"payment approved"}
{"level":30,"time":"2026-04-22T04:54:16.529Z","service":"payment-gateway","pid":11812,"logger":"PaymentService","traceId":"183bbbb65dd62ed3","txnId":"TXN-1776833656033-11179","amount":25000,"method":"OVO","rc":"00","status":"SUCCESS","message":"Approved","bankLatencyMs":68,"cpuBurnMs":240,"totalLatencyMs":496,"msg":"payment approved"}
{"level":30,"time":"2026-04-22T04:54:22.241Z","service":"payment-gateway","pid":11812,"logger":"PaymentService","traceId":"3a26fd55485967dc","txnId":"TXN-1776833661724-11215","amount":100000,"method":"VA_BSI","rc":"00","status":"SUCCESS","message":"Approved","bankLatencyMs":56,"cpuBurnMs":239,"totalLatencyMs":517,"msg":"payment approved"}
{"level":30,"time":"2026-04-22T04:54:27.585Z","service":"payment-gateway","pid":11812,"logger":"PaymentService","traceId":"533c00a5178f95a8","txnId":"TXN-1776833667585-11260","amount":10000,"method":"VA_MANDIRI","msg":"payment request received"}
{"level":30,"time":"2026-04-22T04:54:31.517Z","service":"payment-gateway","pid":11812,"logger":"PaymentService","traceId":"d1472e22a105232b","txnId":"TXN-1776833671517-11304","amount":500000,"method":"VA_BSI","msg":"payment request received"}
{"level":40,"time":"2026-04-22T04:54:36.909Z","service":"payment-gateway","pid":11812,"logger":"PaymentService","traceId":"504c8be8dac04886","txnId":"TXN-1776833676669-11341","amount":100000,"method":"OVO","rc":"55","status":"FAILED","message":"Invalid PIN / OTP","bankLatencyMs":62,"cpuBurnMs":0,"totalLatencyMs":240,"msg":"payment declined"}
{"level":40,"time":"2026-04-22T04:54:41.952Z","service":"payment-gateway","pid":11812,"logger":"PaymentService","traceId":"174d567890888648","txnId":"TXN-1776833681706-11382","cpuBurnMs":246,"hashRounds":200000,"digestSample":"10cb4d36106add4e","msg":"cpu-intensive fraud scoring executed"}
{"level":30,"time":"2026-04-22T04:54:46.663Z","service":"payment-gateway","pid":11812,"logger":"PaymentService","traceId":"0568beeed0bf2868","txnId":"TXN-1776833686405-11422","amount":500000,"method":"QRIS","rc":"00","status":"SUCCESS","message":"Approved","bankLatencyMs":78,"cpuBurnMs":0,"totalLatencyMs":258,"msg":"payment approved"}
{"level":30,"time":"2026-04-22T04:54:52.427Z","service":"payment-gateway","pid":11812,"logger":"PaymentService","traceId":"5cf68f86ad86c08b","txnId":"TXN-1776833692165-11460","amount":25000,"method":"VA_BSI","rc":"00","status":"SUCCESS","message":"Approved","bankLatencyMs":142,"cpuBurnMs":0,"totalLatencyMs":262,"msg":"payment approved"}
{"level":40,"time":"2026-04-22T04:54:57.950Z","service":"payment-gateway","pid":11812,"logger":"PaymentService","traceId":"8fb51503f73593bb","txnId":"TXN-1776833697707-11502","cpuBurnMs":243,"hashRounds":200000,"digestSample":"fd7c6fb405766bea","msg":"cpu-intensive fraud scoring executed"}
{"level":30,"time":"2026-04-22T04:55:02.901Z","service":"payment-gateway","pid":11812,"logger":"PaymentService","traceId":"21043a875fbebba1","txnId":"TXN-1776833702415-11541","amount":100000,"method":"VA_MANDIRI","rc":"00","status":"SUCCESS","message":"Approved","bankLatencyMs":118,"cpuBurnMs":233,"totalLatencyMs":486,"msg":"payment approved"}
{"level":30,"time":"2026-04-22T04:55:07.674Z","service":"payment-gateway","pid":11812,"logger":"PaymentService","traceId":"0b47ea9e32d4f031","txnId":"TXN-1776833707674-11584","amount":500000,"method":"GOPAY","msg":"payment request received"}
{"level":40,"time":"2026-04-22T04:55:11.848Z","service":"payment-gateway","pid":11812,"logger":"PaymentService","traceId":"1701b28e9f913bf0","txnId":"TXN-1776833711592-11628","cpuBurnMs":256,"hashRounds":200000,"digestSample":"b32e20e8c88227f7","msg":"cpu-intensive fraud scoring executed"}
{"level":40,"time":"2026-04-22T04:55:15.269Z","service":"payment-gateway","pid":11812,"logger":"PaymentService","traceId":"76339d940ba819e8","txnId":"TXN-1776833715009-11671","cpuBurnMs":260,"hashRounds":200000,"digestSample":"d3fa5427d3c839d3","msg":"cpu-intensive fraud scoring executed"}
{"level":30,"time":"2026-04-22T04:55:20.684Z","service":"payment-gateway","pid":11812,"logger":"PaymentService","traceId":"71cdeab382074fca","txnId":"TXN-1776833720192-11706","amount":500000,"method":"CREDIT_CARD","rc":"00","status":"SUCCESS","message":"Approved","bankLatencyMs":152,"cpuBurnMs":238,"totalLatencyMs":492,"msg":"payment approved"}
{"level":40,"time":"2026-04-22T04:55:26.157Z","service":"payment-gateway","pid":11812,"logger":"PaymentService","traceId":"634b7aacf54517e6","txnId":"TXN-1776833725919-11749","cpuBurnMs":238,"hashRounds":200000,"digestSample":"16ce3ae72156b96f","msg":"cpu-intensive fraud scoring executed"}
{"level":40,"time":"2026-04-22T04:55:31.158Z","service":"payment-gateway","pid":11812,"logger":"PaymentService","traceId":"df303933e3cbf17d","txnId":"TXN-1776833730883-11789","cpuBurnMs":275,"hashRounds":200000,"digestSample":"bc6adfa97d15c791","msg":"cpu-intensive fraud scoring executed"}
{"level":30,"time":"2026-04-22T04:55:36.613Z","service":"payment-gateway","pid":11812,"logger":"PaymentService","traceId":"c1b7e3281cdcb62b","txnId":"TXN-1776833736613-11829","amount":50000,"method":"GOPAY","msg":"payment request received"}
{"level":30,"time":"2026-04-22T04:55:41.818Z","service":"payment-gateway","pid":11812,"logger":"PaymentService","traceId":"bf76204856a907e4","txnId":"TXN-1776833741818-11868","amount":10000,"method":"OVO","msg":"payment request received"}
{"level":30,"time":"2026-04-22T04:55:46.408Z","service":"payment-gateway","pid":11812,"logger":"PaymentService","traceId":"3bbe3491e07deb68","txnId":"TXN-1776833745913-11907","amount":10000,"method":"VA_BCA","rc":"00","status":"SUCCESS","message":"Approved","bankLatencyMs":47,"cpuBurnMs":253,"totalLatencyMs":495,"msg":"payment approved"}
{"level":30,"time":"2026-04-22T04:55:51.851Z","service":"payment-gateway","pid":11812,"logger":"PaymentService","traceId":"38843f6b4a287204","txnId":"TXN-1776833751354-11948","amount":500000,"method":"QRIS","rc":"00","status":"SUCCESS","message":"Approved","bankLatencyMs":171,"cpuBurnMs":237,"totalLatencyMs":497,"msg":"payment approved"}
{"level":30,"time":"2026-04-22T04:55:56.054Z","service":"payment-gateway","pid":11812,"logger":"PaymentService","traceId":"e368a9f3a90e7118","txnId":"TXN-1776833755793-11989","amount":50000,"method":"VA_MANDIRI","rc":"00","status":"SUCCESS","message":"Approved","bankLatencyMs":71,"cpuBurnMs":0,"totalLatencyMs":261,"msg":"payment approved"}
{"level":30,"time":"2026-04-22T04:56:00.739Z","service":"payment-gateway","pid":11812,"logger":"PaymentService","traceId":"efe800b7ae1a3970","txnId":"TXN-1776833760739-12031","amount":100000,"method":"VA_BSI","msg":"payment request received"}
{"level":30,"time":"2026-04-22T04:56:05.887Z","service":"payment-gateway","pid":11812,"logger":"PaymentService","traceId":"87d968d7a0585b6a","txnId":"TXN-1776833765887-12072","amount":500000,"method":"QRIS","msg":"payment request received"}

# === 50 BankConnector records ===
{"level":50,"time":"2026-04-22T04:50:33.857Z","service":"payment-gateway","pid":11812,"logger":"BankConnector","txnId":"TXN-1776833433552-9474","traceId":"9a3f01777807fe31","method":"CREDIT_CARD","amount":500000,"rc":"96","message":"System Malfunction ISO-8583","latencyMs":66,"upstream":"VISA_MC_ACQUIRER","msg":"upstream authorize failed"}
{"level":30,"time":"2026-04-22T04:50:39.882Z","service":"payment-gateway","pid":11812,"logger":"BankConnector","txnId":"TXN-1776833439406-9523","traceId":"9317f77e0214337f","method":"GOPAY","amount":25000,"rc":"00","message":"Approved","latencyMs":45,"upstream":"GOPAY","msg":"upstream authorize approved"}
{"level":40,"time":"2026-04-22T04:50:47.006Z","service":"payment-gateway","pid":11812,"logger":"BankConnector","txnId":"TXN-1776833446509-9572","traceId":"2117ed370db8ce9f","method":"VA_BSI","amount":25000,"rc":"51","message":"Insufficient Funds","latencyMs":168,"upstream":"BANK_BSI","msg":"upstream authorize declined"}
{"level":30,"time":"2026-04-22T04:50:53.205Z","service":"payment-gateway","pid":11812,"logger":"BankConnector","txnId":"TXN-1776833452725-9622","traceId":"8e112b7099387d06","method":"CREDIT_CARD","amount":10000,"rc":"00","message":"Approved","latencyMs":114,"upstream":"VISA_MC_ACQUIRER","msg":"upstream authorize approved"}
{"level":30,"time":"2026-04-22T04:50:59.168Z","service":"payment-gateway","pid":11812,"logger":"BankConnector","txnId":"TXN-1776833458678-9672","traceId":"aaa5efb5a2aadd76","method":"GOPAY","amount":10000,"rc":"00","message":"Approved","latencyMs":124,"upstream":"GOPAY","msg":"upstream authorize approved"}
{"level":30,"time":"2026-04-22T04:51:05.304Z","service":"payment-gateway","pid":11812,"logger":"BankConnector","txnId":"TXN-1776833465069-9723","traceId":"90a275b1ac805b89","method":"VA_MANDIRI","amount":50000,"rc":"00","message":"Approved","latencyMs":69,"upstream":"BANK_MANDIRI","msg":"upstream authorize approved"}
{"level":30,"time":"2026-04-22T04:51:12.633Z","service":"payment-gateway","pid":11812,"logger":"BankConnector","txnId":"TXN-1776833472399-9773","traceId":"77cdbc33442b397d","method":"GOPAY","amount":100000,"rc":"00","message":"Approved","latencyMs":52,"upstream":"GOPAY","msg":"upstream authorize approved"}
{"level":30,"time":"2026-04-22T04:51:19.469Z","service":"payment-gateway","pid":11812,"logger":"BankConnector","txnId":"TXN-1776833478983-9822","traceId":"f47b90f7711346ed","method":"OVO","amount":100000,"rc":"00","message":"Approved","latencyMs":110,"upstream":"OVO","msg":"upstream authorize approved"}
{"level":30,"time":"2026-04-22T04:51:26.871Z","service":"payment-gateway","pid":11812,"logger":"BankConnector","txnId":"TXN-1776833486371-9872","traceId":"090ce0f969a27f0b","method":"CREDIT_CARD","amount":10000,"rc":"00","message":"Approved","latencyMs":126,"upstream":"VISA_MC_ACQUIRER","msg":"upstream authorize approved"}
{"level":30,"time":"2026-04-22T04:51:34.812Z","service":"payment-gateway","pid":11812,"logger":"BankConnector","txnId":"TXN-1776833494312-9922","traceId":"5efd12f28a2eff81","method":"VA_BSI","amount":500000,"rc":"00","message":"Approved","latencyMs":97,"upstream":"BANK_BSI","msg":"upstream authorize approved"}
{"level":30,"time":"2026-04-22T04:51:42.054Z","service":"payment-gateway","pid":11812,"logger":"BankConnector","txnId":"TXN-1776833501560-9973","traceId":"407b303ec5c5779f","method":"OVO","amount":10000,"rc":"00","message":"Approved","latencyMs":164,"upstream":"OVO","msg":"upstream authorize approved"}
{"level":30,"time":"2026-04-22T04:51:48.630Z","service":"payment-gateway","pid":11812,"logger":"BankConnector","txnId":"TXN-1776833508371-10023","traceId":"c88cf88fbe4bbade","method":"VA_MANDIRI","amount":50000,"rc":"00","message":"Approved","latencyMs":167,"upstream":"BANK_MANDIRI","msg":"upstream authorize approved"}
{"level":50,"time":"2026-04-22T04:51:56.657Z","service":"payment-gateway","pid":11812,"logger":"BankConnector","txnId":"TXN-1776833512599-10043","traceId":"723683a279dcc8cb","method":"CREDIT_CARD","amount":25000,"rc":"68","message":"Upstream Bank Timeout","latencyMs":3669,"upstream":"VISA_MC_ACQUIRER","msg":"upstream authorize failed"}
{"level":30,"time":"2026-04-22T04:52:02.165Z","service":"payment-gateway","pid":11812,"logger":"BankConnector","txnId":"TXN-1776833521909-10126","traceId":"7c8f40307cb06e6c","method":"QRIS","amount":10000,"rc":"00","message":"Approved","latencyMs":121,"upstream":"ASPI_QRIS_SWITCH","msg":"upstream authorize approved"}
{"level":30,"time":"2026-04-22T04:52:07.262Z","service":"payment-gateway","pid":11812,"logger":"BankConnector","txnId":"TXN-1776833526767-10174","traceId":"84da5782763bc333","method":"QRIS","amount":500000,"rc":"00","message":"Approved","latencyMs":136,"upstream":"ASPI_QRIS_SWITCH","msg":"upstream authorize approved"}
{"level":40,"time":"2026-04-22T04:52:13.746Z","service":"payment-gateway","pid":11812,"logger":"BankConnector","txnId":"TXN-1776833533253-10222","traceId":"0c2756fbda9242d5","method":"GOPAY","amount":10000,"rc":"51","message":"Insufficient Funds","latencyMs":114,"upstream":"GOPAY","msg":"upstream authorize declined"}
{"level":30,"time":"2026-04-22T04:52:20.432Z","service":"payment-gateway","pid":11812,"logger":"BankConnector","txnId":"TXN-1776833539942-10273","traceId":"e96cb44d5132c636","method":"VA_BSI","amount":10000,"rc":"00","message":"Approved","latencyMs":55,"upstream":"BANK_BSI","msg":"upstream authorize approved"}
{"level":30,"time":"2026-04-22T04:52:26.045Z","service":"payment-gateway","pid":11812,"logger":"BankConnector","txnId":"TXN-1776833545538-10322","traceId":"ed4e2d242a9bd05b","method":"VA_BSI","amount":500000,"rc":"00","message":"Approved","latencyMs":108,"upstream":"BANK_BSI","msg":"upstream authorize approved"}
{"level":30,"time":"2026-04-22T04:52:32.269Z","service":"payment-gateway","pid":11812,"logger":"BankConnector","txnId":"TXN-1776833551768-10372","traceId":"7832733416d61177","method":"VA_BSI","amount":100000,"rc":"00","message":"Approved","latencyMs":60,"upstream":"BANK_BSI","msg":"upstream authorize approved"}
{"level":30,"time":"2026-04-22T04:52:38.941Z","service":"payment-gateway","pid":11812,"logger":"BankConnector","txnId":"TXN-1776833558439-10421","traceId":"b2e9db737929746e","method":"OVO","amount":25000,"rc":"00","message":"Approved","latencyMs":148,"upstream":"OVO","msg":"upstream authorize approved"}
{"level":30,"time":"2026-04-22T04:52:46.749Z","service":"payment-gateway","pid":11812,"logger":"BankConnector","txnId":"TXN-1776833566488-10476","traceId":"47ea088f5f4cb984","method":"QRIS","amount":10000,"rc":"00","message":"Approved","latencyMs":80,"upstream":"ASPI_QRIS_SWITCH","msg":"upstream authorize approved"}
{"level":30,"time":"2026-04-22T04:52:52.765Z","service":"payment-gateway","pid":11812,"logger":"BankConnector","txnId":"TXN-1776833572519-10525","traceId":"7025079340fb2946","method":"CREDIT_CARD","amount":100000,"rc":"00","message":"Approved","latencyMs":45,"upstream":"VISA_MC_ACQUIRER","msg":"upstream authorize approved"}
{"level":30,"time":"2026-04-22T04:52:59.910Z","service":"payment-gateway","pid":11812,"logger":"BankConnector","txnId":"TXN-1776833579403-10572","traceId":"197c0d5420173518","method":"VA_MANDIRI","amount":50000,"rc":"00","message":"Approved","latencyMs":120,"upstream":"BANK_MANDIRI","msg":"upstream authorize approved"}
{"level":30,"time":"2026-04-22T04:53:05.758Z","service":"payment-gateway","pid":11812,"logger":"BankConnector","txnId":"TXN-1776833585499-10622","traceId":"3c0d526a93b5c25a","method":"VA_BSI","amount":500000,"rc":"00","message":"Approved","latencyMs":122,"upstream":"BANK_BSI","msg":"upstream authorize approved"}
{"level":30,"time":"2026-04-22T04:53:12.260Z","service":"payment-gateway","pid":11812,"logger":"BankConnector","txnId":"TXN-1776833592005-10673","traceId":"c0556d879e97a34f","method":"GOPAY","amount":500000,"rc":"00","message":"Approved","latencyMs":128,"upstream":"GOPAY","msg":"upstream authorize approved"}
{"level":50,"time":"2026-04-22T04:53:19.172Z","service":"payment-gateway","pid":11812,"logger":"BankConnector","txnId":"TXN-1776833598924-10723","traceId":"c864e515c7d0d022","method":"VA_MANDIRI","amount":100000,"rc":"05","message":"Do Not Honor (Suspected Fraud)","latencyMs":90,"upstream":"BANK_MANDIRI","msg":"upstream authorize failed"}
{"level":30,"time":"2026-04-22T04:53:23.795Z","service":"payment-gateway","pid":11812,"logger":"BankConnector","txnId":"TXN-1776833603561-10773","traceId":"36f41eb6139527fc","method":"VA_BSI","amount":500000,"rc":"00","message":"Approved","latencyMs":109,"upstream":"BANK_BSI","msg":"upstream authorize approved"}
{"level":30,"time":"2026-04-22T04:53:29.281Z","service":"payment-gateway","pid":11812,"logger":"BankConnector","txnId":"TXN-1776833608773-10823","traceId":"f426fa6b0523e06f","method":"CREDIT_CARD","amount":25000,"rc":"00","message":"Approved","latencyMs":67,"upstream":"VISA_MC_ACQUIRER","msg":"upstream authorize approved"}
{"level":50,"time":"2026-04-22T04:53:37.101Z","service":"payment-gateway","pid":11812,"logger":"BankConnector","txnId":"TXN-1776833613171-10852","traceId":"af6484f5d4f53161","method":"VA_BSI","amount":100000,"rc":"68","message":"Upstream Bank Timeout","latencyMs":3890,"upstream":"BANK_BSI","msg":"upstream authorize failed"}
{"level":40,"time":"2026-04-22T04:53:43.042Z","service":"payment-gateway","pid":11812,"logger":"BankConnector","txnId":"TXN-1776833622802-10923","traceId":"961039609db942d2","method":"VA_BSI","amount":10000,"rc":"51","message":"Insufficient Funds","latencyMs":71,"upstream":"BANK_BSI","msg":"upstream authorize declined"}
{"level":30,"time":"2026-04-22T04:53:49.523Z","service":"payment-gateway","pid":11812,"logger":"BankConnector","txnId":"TXN-1776833629272-10974","traceId":"e889cf049083bd26","method":"VA_MANDIRI","amount":25000,"rc":"00","message":"Approved","latencyMs":54,"upstream":"BANK_MANDIRI","msg":"upstream authorize approved"}
{"level":30,"time":"2026-04-22T04:53:55.167Z","service":"payment-gateway","pid":11812,"logger":"BankConnector","txnId":"TXN-1776833634913-11024","traceId":"6a622620387a02dc","method":"QRIS","amount":100000,"rc":"00","message":"Approved","latencyMs":150,"upstream":"ASPI_QRIS_SWITCH","msg":"upstream authorize approved"}
{"level":30,"time":"2026-04-22T04:54:02.876Z","service":"payment-gateway","pid":11812,"logger":"BankConnector","txnId":"TXN-1776833642379-11072","traceId":"9ac9e34b5791b310","method":"GOPAY","amount":100000,"rc":"00","message":"Approved","latencyMs":148,"upstream":"GOPAY","msg":"upstream authorize approved"}
{"level":30,"time":"2026-04-22T04:54:09.291Z","service":"payment-gateway","pid":11812,"logger":"BankConnector","txnId":"TXN-1776833649036-11121","traceId":"dcbe4c99f6154694","method":"GOPAY","amount":25000,"rc":"00","message":"Approved","latencyMs":158,"upstream":"GOPAY","msg":"upstream authorize approved"}
{"level":30,"time":"2026-04-22T04:54:15.500Z","service":"payment-gateway","pid":11812,"logger":"BankConnector","txnId":"TXN-1776833655002-11172","traceId":"b41410a934a61a4e","method":"OVO","amount":25000,"rc":"00","message":"Approved","latencyMs":88,"upstream":"OVO","msg":"upstream authorize approved"}
{"level":30,"time":"2026-04-22T04:54:22.242Z","service":"payment-gateway","pid":11812,"logger":"BankConnector","txnId":"TXN-1776833661981-11216","traceId":"89ee72db6a07f1d3","method":"GOPAY","amount":100000,"rc":"00","message":"Approved","latencyMs":180,"upstream":"GOPAY","msg":"upstream authorize approved"}
{"level":30,"time":"2026-04-22T04:54:29.142Z","service":"payment-gateway","pid":11812,"logger":"BankConnector","txnId":"TXN-1776833668874-11271","traceId":"a44d7817a30bcea0","method":"VA_MANDIRI","amount":500000,"rc":"00","message":"Approved","latencyMs":112,"upstream":"BANK_MANDIRI","msg":"upstream authorize approved"}
{"level":50,"time":"2026-04-22T04:54:34.093Z","service":"payment-gateway","pid":11812,"logger":"BankConnector","txnId":"TXN-1776833673836-11319","traceId":"b45998eed315f842","method":"QRIS","amount":100000,"rc":"96","message":"System Malfunction ISO-8583","latencyMs":173,"upstream":"ASPI_QRIS_SWITCH","msg":"upstream authorize failed"}
{"level":30,"time":"2026-04-22T04:54:41.150Z","service":"payment-gateway","pid":11812,"logger":"BankConnector","txnId":"TXN-1776833680905-11373","traceId":"69a63d926eb78228","method":"CREDIT_CARD","amount":10000,"rc":"00","message":"Approved","latencyMs":65,"upstream":"VISA_MC_ACQUIRER","msg":"upstream authorize approved"}
{"level":30,"time":"2026-04-22T04:54:46.959Z","service":"payment-gateway","pid":11812,"logger":"BankConnector","txnId":"TXN-1776833686406-11423","traceId":"1a1b5564f678bc69","method":"VA_BCA","amount":25000,"rc":"00","message":"Approved","latencyMs":93,"upstream":"BANK_BCA","msg":"upstream authorize approved"}
{"level":30,"time":"2026-04-22T04:54:53.988Z","service":"payment-gateway","pid":11812,"logger":"BankConnector","txnId":"TXN-1776833693726-11472","traceId":"c671c29b2fb961d6","method":"VA_BSI","amount":100000,"rc":"00","message":"Approved","latencyMs":58,"upstream":"BANK_BSI","msg":"upstream authorize approved"}
{"level":30,"time":"2026-04-22T04:55:01.073Z","service":"payment-gateway","pid":11812,"logger":"BankConnector","txnId":"TXN-1776833700563-11521","traceId":"4082522374585fa2","method":"VA_BCA","amount":10000,"rc":"00","message":"Approved","latencyMs":141,"upstream":"BANK_BCA","msg":"upstream authorize approved"}
{"level":30,"time":"2026-04-22T04:55:07.402Z","service":"payment-gateway","pid":11812,"logger":"BankConnector","txnId":"TXN-1776833706873-11573","traceId":"28ec1252715d0249","method":"OVO","amount":25000,"rc":"00","message":"Approved","latencyMs":162,"upstream":"OVO","msg":"upstream authorize approved"}
{"level":30,"time":"2026-04-22T04:55:11.849Z","service":"payment-gateway","pid":11812,"logger":"BankConnector","txnId":"TXN-1776833711590-11623","traceId":"9911176416681f78","method":"GOPAY","amount":25000,"rc":"00","message":"Approved","latencyMs":82,"upstream":"GOPAY","msg":"upstream authorize approved"}
{"level":30,"time":"2026-04-22T04:55:15.794Z","service":"payment-gateway","pid":11812,"logger":"BankConnector","txnId":"TXN-1776833715271-11672","traceId":"828f0fb001e267d6","method":"VA_BSI","amount":50000,"rc":"00","message":"Approved","latencyMs":172,"upstream":"BANK_BSI","msg":"upstream authorize approved"}
{"level":30,"time":"2026-04-22T04:55:23.580Z","service":"payment-gateway","pid":11812,"logger":"BankConnector","txnId":"TXN-1776833723084-11723","traceId":"408832d3eb22af02","method":"VA_BCA","amount":25000,"rc":"00","message":"Approved","latencyMs":69,"upstream":"BANK_BCA","msg":"upstream authorize approved"}
{"level":30,"time":"2026-04-22T04:55:28.730Z","service":"payment-gateway","pid":11812,"logger":"BankConnector","txnId":"TXN-1776833728223-11773","traceId":"dc65984bdd1634b5","method":"QRIS","amount":500000,"rc":"00","message":"Approved","latencyMs":53,"upstream":"ASPI_QRIS_SWITCH","msg":"upstream authorize approved"}
{"level":30,"time":"2026-04-22T04:55:36.592Z","service":"payment-gateway","pid":11812,"logger":"BankConnector","txnId":"TXN-1776833736088-11822","traceId":"6e1b3e870be6a8c3","method":"VA_MANDIRI","amount":10000,"rc":"00","message":"Approved","latencyMs":58,"upstream":"BANK_MANDIRI","msg":"upstream authorize approved"}
{"level":30,"time":"2026-04-22T04:55:42.818Z","service":"payment-gateway","pid":11812,"logger":"BankConnector","txnId":"TXN-1776833742328-11872","traceId":"f7be3070570b882d","method":"GOPAY","amount":100000,"rc":"00","message":"Approved","latencyMs":117,"upstream":"GOPAY","msg":"upstream authorize approved"}
{"level":30,"time":"2026-04-22T04:55:48.779Z","service":"payment-gateway","pid":11812,"logger":"BankConnector","txnId":"TXN-1776833748217-11921","traceId":"d683a3e41b05a894","method":"OVO","amount":100000,"rc":"00","message":"Approved","latencyMs":90,"upstream":"OVO","msg":"upstream authorize approved"}

# === 30 records with cpuBurnMs > 200 ms (heavy burn samples) ===
{"level":40,"time":"2026-04-22T04:50:28.201Z","service":"payment-gateway","pid":11812,"logger":"PaymentService","traceId":"ceee88fe01fabe03","txnId":"TXN-1776833427945-9425","cpuBurnMs":256,"hashRounds":200000,"digestSample":"a357ddc2ec34c5a0","msg":"cpu-intensive fraud scoring executed"}
{"level":40,"time":"2026-04-22T04:50:28.445Z","service":"payment-gateway","pid":11812,"logger":"PaymentService","traceId":"9694723aec440438","txnId":"TXN-1776833428201-9426","cpuBurnMs":244,"hashRounds":200000,"digestSample":"3f0fb2e355b60e0e","msg":"cpu-intensive fraud scoring executed"}
{"level":40,"time":"2026-04-22T04:50:28.445Z","service":"payment-gateway","pid":11812,"logger":"PaymentService","traceId":"ceee88fe01fabe03","txnId":"TXN-1776833427945-9425","amount":100000,"method":"GOPAY","rc":"55","status":"FAILED","message":"Invalid PIN / OTP","bankLatencyMs":125,"cpuBurnMs":256,"totalLatencyMs":500,"msg":"payment declined"}
{"level":30,"time":"2026-04-22T04:50:28.541Z","service":"payment-gateway","pid":11812,"logger":"PaymentService","traceId":"9694723aec440438","txnId":"TXN-1776833428201-9426","amount":500000,"method":"CREDIT_CARD","rc":"00","status":"SUCCESS","message":"Approved","bankLatencyMs":96,"cpuBurnMs":244,"totalLatencyMs":340,"msg":"payment approved"}
{"level":40,"time":"2026-04-22T04:50:28.927Z","service":"payment-gateway","pid":11812,"logger":"PaymentService","traceId":"3523de00fde85b11","txnId":"TXN-1776833428684-9429","cpuBurnMs":243,"hashRounds":200000,"digestSample":"ee2f8ef9c25f2f1f","msg":"cpu-intensive fraud scoring executed"}
{"level":30,"time":"2026-04-22T04:50:29.012Z","service":"payment-gateway","pid":11812,"logger":"PaymentService","traceId":"3523de00fde85b11","txnId":"TXN-1776833428684-9429","amount":25000,"method":"VA_MANDIRI","rc":"00","status":"SUCCESS","message":"Approved","bankLatencyMs":85,"cpuBurnMs":243,"totalLatencyMs":328,"msg":"payment approved"}
{"level":40,"time":"2026-04-22T04:50:29.465Z","service":"payment-gateway","pid":11812,"logger":"PaymentService","traceId":"4e7b5c3708ba3d44","txnId":"TXN-1776833429220-9433","cpuBurnMs":245,"hashRounds":200000,"digestSample":"ca6b107961b67b60","msg":"cpu-intensive fraud scoring executed"}
{"level":40,"time":"2026-04-22T04:50:29.710Z","service":"payment-gateway","pid":11812,"logger":"PaymentService","traceId":"961ebcf492c0b9c1","txnId":"TXN-1776833429466-9434","cpuBurnMs":244,"hashRounds":200000,"digestSample":"fa390ef520cd5291","msg":"cpu-intensive fraud scoring executed"}
{"level":30,"time":"2026-04-22T04:50:29.710Z","service":"payment-gateway","pid":11812,"logger":"PaymentService","traceId":"4e7b5c3708ba3d44","txnId":"TXN-1776833429220-9433","amount":500000,"method":"GOPAY","rc":"00","status":"SUCCESS","message":"Approved","bankLatencyMs":122,"cpuBurnMs":245,"totalLatencyMs":490,"msg":"payment approved"}
{"level":40,"time":"2026-04-22T04:50:29.954Z","service":"payment-gateway","pid":11812,"logger":"PaymentService","traceId":"84a36b396a58296e","txnId":"TXN-1776833429711-9436","cpuBurnMs":243,"hashRounds":200000,"digestSample":"b6efb0287c72c8e1","msg":"cpu-intensive fraud scoring executed"}
{"level":40,"time":"2026-04-22T04:50:29.954Z","service":"payment-gateway","pid":11812,"logger":"PaymentService","traceId":"961ebcf492c0b9c1","txnId":"TXN-1776833429466-9434","amount":500000,"method":"QRIS","rc":"55","status":"FAILED","message":"Invalid PIN / OTP","bankLatencyMs":59,"cpuBurnMs":244,"totalLatencyMs":488,"msg":"payment declined"}
{"level":30,"time":"2026-04-22T04:50:30.087Z","service":"payment-gateway","pid":11812,"logger":"PaymentService","traceId":"84a36b396a58296e","txnId":"TXN-1776833429711-9436","amount":25000,"method":"CREDIT_CARD","rc":"00","status":"SUCCESS","message":"Approved","bankLatencyMs":133,"cpuBurnMs":243,"totalLatencyMs":376,"msg":"payment approved"}
{"level":40,"time":"2026-04-22T04:50:30.388Z","service":"payment-gateway","pid":11812,"logger":"PaymentService","traceId":"6faf2502c6fa3153","txnId":"TXN-1776833430144-9441","cpuBurnMs":244,"hashRounds":200000,"digestSample":"d6a4cfc580177ddf","msg":"cpu-intensive fraud scoring executed"}
{"level":40,"time":"2026-04-22T04:50:30.497Z","service":"payment-gateway","pid":11812,"logger":"PaymentService","traceId":"6faf2502c6fa3153","txnId":"TXN-1776833430144-9441","amount":100000,"method":"OVO","rc":"61","status":"FAILED","message":"Daily Velocity Limit Exceeded","bankLatencyMs":109,"cpuBurnMs":244,"totalLatencyMs":353,"msg":"payment declined"}
{"level":40,"time":"2026-04-22T04:50:30.751Z","service":"payment-gateway","pid":11812,"logger":"PaymentService","traceId":"f257e213839dfa59","txnId":"TXN-1776833430511-9446","cpuBurnMs":240,"hashRounds":200000,"digestSample":"db99a27952a7a6dd","msg":"cpu-intensive fraud scoring executed"}
{"level":30,"time":"2026-04-22T04:50:30.843Z","service":"payment-gateway","pid":11812,"logger":"PaymentService","traceId":"f257e213839dfa59","txnId":"TXN-1776833430511-9446","amount":50000,"method":"QRIS","rc":"00","status":"SUCCESS","message":"Approved","bankLatencyMs":92,"cpuBurnMs":240,"totalLatencyMs":332,"msg":"payment approved"}
{"level":40,"time":"2026-04-22T04:50:31.138Z","service":"payment-gateway","pid":11812,"logger":"PaymentService","traceId":"7b48e7235bb390a8","txnId":"TXN-1776833430896-9450","cpuBurnMs":242,"hashRounds":200000,"digestSample":"bbf81b5c08582689","msg":"cpu-intensive fraud scoring executed"}
{"level":40,"time":"2026-04-22T04:50:31.379Z","service":"payment-gateway","pid":11812,"logger":"PaymentService","traceId":"d399203698fd6336","txnId":"TXN-1776833431138-9451","cpuBurnMs":240,"hashRounds":200000,"digestSample":"85709e9e3bc11ccf","msg":"cpu-intensive fraud scoring executed"}
{"level":30,"time":"2026-04-22T04:50:31.382Z","service":"payment-gateway","pid":11812,"logger":"PaymentService","traceId":"7b48e7235bb390a8","txnId":"TXN-1776833430896-9450","amount":25000,"method":"VA_MANDIRI","rc":"00","status":"SUCCESS","message":"Approved","bankLatencyMs":171,"cpuBurnMs":242,"totalLatencyMs":486,"msg":"payment approved"}
{"level":40,"time":"2026-04-22T04:50:31.621Z","service":"payment-gateway","pid":11812,"logger":"PaymentService","traceId":"909a8d6c92341321","txnId":"TXN-1776833431383-9454","cpuBurnMs":238,"hashRounds":200000,"digestSample":"9495491f779db72a","msg":"cpu-intensive fraud scoring executed"}
{"level":30,"time":"2026-04-22T04:50:31.621Z","service":"payment-gateway","pid":11812,"logger":"PaymentService","traceId":"d399203698fd6336","txnId":"TXN-1776833431138-9451","amount":10000,"method":"OVO","rc":"00","status":"SUCCESS","message":"Approved","bankLatencyMs":76,"cpuBurnMs":240,"totalLatencyMs":483,"msg":"payment approved"}
{"level":40,"time":"2026-04-22T04:50:31.861Z","service":"payment-gateway","pid":11812,"logger":"PaymentService","traceId":"4d07bc090f745ea9","txnId":"TXN-1776833431624-9456","cpuBurnMs":237,"hashRounds":200000,"digestSample":"dca77f372922729c","msg":"cpu-intensive fraud scoring executed"}
{"level":30,"time":"2026-04-22T04:50:31.861Z","service":"payment-gateway","pid":11812,"logger":"PaymentService","traceId":"909a8d6c92341321","txnId":"TXN-1776833431383-9454","amount":500000,"method":"VA_BSI","rc":"00","status":"SUCCESS","message":"Approved","bankLatencyMs":61,"cpuBurnMs":238,"totalLatencyMs":478,"msg":"payment approved"}
{"level":40,"time":"2026-04-22T04:50:32.102Z","service":"payment-gateway","pid":11812,"logger":"PaymentService","traceId":"723040e56850191d","txnId":"TXN-1776833431864-9458","cpuBurnMs":238,"hashRounds":200000,"digestSample":"8b8dbf9a7ff6d6f1","msg":"cpu-intensive fraud scoring executed"}
{"level":30,"time":"2026-04-22T04:50:32.103Z","service":"payment-gateway","pid":11812,"logger":"PaymentService","traceId":"4d07bc090f745ea9","txnId":"TXN-1776833431624-9456","amount":100000,"method":"CREDIT_CARD","rc":"00","status":"SUCCESS","message":"Approved","bankLatencyMs":125,"cpuBurnMs":237,"totalLatencyMs":479,"msg":"payment approved"}
{"level":40,"time":"2026-04-22T04:50:32.342Z","service":"payment-gateway","pid":11812,"logger":"PaymentService","traceId":"e889a1732ce86928","txnId":"TXN-1776833432105-9459","cpuBurnMs":237,"hashRounds":200000,"digestSample":"1ec5bc56537203d1","msg":"cpu-intensive fraud scoring executed"}
{"level":40,"time":"2026-04-22T04:50:32.582Z","service":"payment-gateway","pid":11812,"logger":"PaymentService","traceId":"a012fe3d05b958c8","txnId":"TXN-1776833432344-9460","cpuBurnMs":238,"hashRounds":200000,"digestSample":"77cc0565ab5a0c9b","msg":"cpu-intensive fraud scoring executed"}
{"level":30,"time":"2026-04-22T04:50:32.582Z","service":"payment-gateway","pid":11812,"logger":"PaymentService","traceId":"e889a1732ce86928","txnId":"TXN-1776833432105-9459","amount":100000,"method":"VA_MANDIRI","rc":"00","status":"SUCCESS","message":"Approved","bankLatencyMs":77,"cpuBurnMs":237,"totalLatencyMs":477,"msg":"payment approved"}
{"level":40,"time":"2026-04-22T04:50:32.822Z","service":"payment-gateway","pid":11812,"logger":"PaymentService","traceId":"9b6e5f3b7dfb8c1b","txnId":"TXN-1776833432584-9462","cpuBurnMs":238,"hashRounds":200000,"digestSample":"e2ec329db83370fb","msg":"cpu-intensive fraud scoring executed"}
{"level":30,"time":"2026-04-22T04:50:32.822Z","service":"payment-gateway","pid":11812,"logger":"PaymentService","traceId":"a012fe3d05b958c8","txnId":"TXN-1776833432344-9460","amount":25000,"method":"QRIS","rc":"00","status":"SUCCESS","message":"Approved","bankLatencyMs":61,"cpuBurnMs":238,"totalLatencyMs":478,"msg":"payment approved"}

# === 20 records with simulateTimeout path (RC 68, high totalLatencyMs) ===
{"level":50,"time":"2026-04-22T04:50:39.400Z","service":"payment-gateway","pid":11812,"logger":"PaymentService","traceId":"723040e56850191d","txnId":"TXN-1776833431864-9458","amount":500000,"method":"OVO","rc":"68","status":"FAILED","message":"Upstream Bank Timeout","bankLatencyMs":7089,"cpuBurnMs":238,"totalLatencyMs":7536,"msg":"payment failed"}
{"level":50,"time":"2026-04-22T04:50:40.123Z","service":"payment-gateway","pid":11812,"logger":"PaymentService","traceId":"b5ca70a5c476a01e","txnId":"TXN-1776833433066-9464","amount":500000,"method":"VA_MANDIRI","rc":"68","status":"FAILED","message":"Upstream Bank Timeout","bankLatencyMs":6835,"cpuBurnMs":0,"totalLatencyMs":7057,"msg":"payment failed"}
{"level":50,"time":"2026-04-22T04:51:07.069Z","service":"payment-gateway","pid":11812,"logger":"PaymentService","traceId":"d664e8e607420df7","txnId":"TXN-1776833461470-9697","amount":10000,"method":"CREDIT_CARD","rc":"68","status":"FAILED","message":"Upstream Bank Timeout","bankLatencyMs":5485,"cpuBurnMs":0,"totalLatencyMs":5599,"msg":"payment failed"}
{"level":50,"time":"2026-04-22T04:51:25.577Z","service":"payment-gateway","pid":11812,"logger":"PaymentService","traceId":"bc604aa02bba1269","txnId":"TXN-1776833482021-9839","amount":500000,"method":"GOPAY","rc":"68","status":"FAILED","message":"Upstream Bank Timeout","bankLatencyMs":3309,"cpuBurnMs":238,"totalLatencyMs":3556,"msg":"payment failed"}
{"level":50,"time":"2026-04-22T04:51:29.708Z","service":"payment-gateway","pid":11812,"logger":"PaymentService","traceId":"ee4b4b00d00f06a4","txnId":"TXN-1776833485081-9859","amount":500000,"method":"VA_BSI","rc":"68","status":"FAILED","message":"Upstream Bank Timeout","bankLatencyMs":4209,"cpuBurnMs":237,"totalLatencyMs":4626,"msg":"payment failed"}
{"level":50,"time":"2026-04-22T04:51:33.991Z","service":"payment-gateway","pid":11812,"logger":"PaymentService","traceId":"d7d1eb86563bb421","txnId":"TXN-1776833489983-9891","amount":10000,"method":"QRIS","rc":"68","status":"FAILED","message":"Upstream Bank Timeout","bankLatencyMs":3636,"cpuBurnMs":0,"totalLatencyMs":4008,"msg":"payment failed"}
{"level":50,"time":"2026-04-22T04:51:48.088Z","service":"payment-gateway","pid":11812,"logger":"PaymentService","traceId":"d02443a4208425e8","txnId":"TXN-1776833501041-9966","amount":100000,"method":"VA_MANDIRI","rc":"68","status":"FAILED","message":"Upstream Bank Timeout","bankLatencyMs":6998,"cpuBurnMs":0,"totalLatencyMs":7047,"msg":"payment failed"}
{"level":50,"time":"2026-04-22T04:51:53.090Z","service":"payment-gateway","pid":11812,"logger":"PaymentService","traceId":"5f4b58ca2e3fa56f","txnId":"TXN-1776833506551-10004","amount":10000,"method":"VA_BCA","rc":"68","status":"FAILED","message":"Upstream Bank Timeout","bankLatencyMs":6510,"cpuBurnMs":0,"totalLatencyMs":6539,"msg":"payment failed"}
{"level":50,"time":"2026-04-22T04:51:56.657Z","service":"payment-gateway","pid":11812,"logger":"PaymentService","traceId":"723683a279dcc8cb","txnId":"TXN-1776833512599-10043","amount":25000,"method":"CREDIT_CARD","rc":"68","status":"FAILED","message":"Upstream Bank Timeout","bankLatencyMs":3669,"cpuBurnMs":237,"totalLatencyMs":4058,"msg":"payment failed"}
{"level":50,"time":"2026-04-22T04:52:05.726Z","service":"payment-gateway","pid":11812,"logger":"PaymentService","traceId":"4f98041b54ce81eb","txnId":"TXN-1776833518467-10090","amount":100000,"method":"GOPAY","rc":"68","status":"FAILED","message":"Upstream Bank Timeout","bankLatencyMs":7164,"cpuBurnMs":0,"totalLatencyMs":7259,"msg":"payment failed"}
{"level":50,"time":"2026-04-22T04:52:09.124Z","service":"payment-gateway","pid":11812,"logger":"PaymentService","traceId":"5abd8243b27e8d42","txnId":"TXN-1776833521089-10114","amount":10000,"method":"VA_BCA","rc":"68","status":"FAILED","message":"Upstream Bank Timeout","bankLatencyMs":7702,"cpuBurnMs":236,"totalLatencyMs":8035,"msg":"payment failed"}
{"level":50,"time":"2026-04-22T04:52:10.925Z","service":"payment-gateway","pid":11812,"logger":"PaymentService","traceId":"f50cd3748fbe4c70","txnId":"TXN-1776833524211-10153","amount":25000,"method":"QRIS","rc":"68","status":"FAILED","message":"Upstream Bank Timeout","bankLatencyMs":6491,"cpuBurnMs":0,"totalLatencyMs":6714,"msg":"payment failed"}
{"level":50,"time":"2026-04-22T04:52:18.398Z","service":"payment-gateway","pid":11812,"logger":"PaymentService","traceId":"8a6be286fc02b5c8","txnId":"TXN-1776833531968-10209","amount":10000,"method":"QRIS","rc":"68","status":"FAILED","message":"Upstream Bank Timeout","bankLatencyMs":6209,"cpuBurnMs":0,"totalLatencyMs":6430,"msg":"payment failed"}
{"level":50,"time":"2026-04-22T04:52:22.979Z","service":"payment-gateway","pid":11812,"logger":"PaymentService","traceId":"0932f77608b83c99","txnId":"TXN-1776833538927-10265","amount":500000,"method":"CREDIT_CARD","rc":"68","status":"FAILED","message":"Upstream Bank Timeout","bankLatencyMs":3769,"cpuBurnMs":235,"totalLatencyMs":4052,"msg":"payment failed"}
{"level":50,"time":"2026-04-22T04:52:25.537Z","service":"payment-gateway","pid":11812,"logger":"PaymentService","traceId":"6dae52a53e4011a4","txnId":"TXN-1776833540450-10279","amount":10000,"method":"GOPAY","rc":"68","status":"FAILED","message":"Upstream Bank Timeout","bankLatencyMs":4925,"cpuBurnMs":0,"totalLatencyMs":5087,"msg":"payment failed"}
{"level":50,"time":"2026-04-22T04:52:55.696Z","service":"payment-gateway","pid":11812,"logger":"PaymentService","traceId":"2a71c8380126f8e1","txnId":"TXN-1776833571985-10520","amount":50000,"method":"GOPAY","rc":"68","status":"FAILED","message":"Upstream Bank Timeout","bankLatencyMs":3475,"cpuBurnMs":0,"totalLatencyMs":3711,"msg":"payment failed"}
{"level":50,"time":"2026-04-22T04:52:56.482Z","service":"payment-gateway","pid":11812,"logger":"PaymentService","traceId":"e1c0e4260dc38331","txnId":"TXN-1776833569645-10503","amount":10000,"method":"OVO","rc":"68","status":"FAILED","message":"Upstream Bank Timeout","bankLatencyMs":6640,"cpuBurnMs":0,"totalLatencyMs":6837,"msg":"payment failed"}
{"level":50,"time":"2026-04-22T04:53:03.664Z","service":"payment-gateway","pid":11812,"logger":"PaymentService","traceId":"80c79578c01bcbb8","txnId":"TXN-1776833579666-10573","amount":100000,"method":"CREDIT_CARD","rc":"68","status":"FAILED","message":"Upstream Bank Timeout","bankLatencyMs":3744,"cpuBurnMs":0,"totalLatencyMs":3997,"msg":"payment failed"}
{"level":50,"time":"2026-04-22T04:53:30.039Z","service":"payment-gateway","pid":11812,"logger":"PaymentService","traceId":"05d4c51ca6dd73dd","txnId":"TXN-1776833606125-10792","amount":10000,"method":"GOPAY","rc":"68","status":"FAILED","message":"Upstream Bank Timeout","bankLatencyMs":3557,"cpuBurnMs":241,"totalLatencyMs":3914,"msg":"payment failed"}
{"level":50,"time":"2026-04-22T04:53:37.101Z","service":"payment-gateway","pid":11812,"logger":"PaymentService","traceId":"af6484f5d4f53161","txnId":"TXN-1776833613171-10852","amount":100000,"method":"VA_BSI","rc":"68","status":"FAILED","message":"Upstream Bank Timeout","bankLatencyMs":3890,"cpuBurnMs":0,"totalLatencyMs":3930,"msg":"payment failed"}
