# === first 30 lines (service boot & baseline start) ===
{"level":30,"time":"2026-04-21T06:27:56.767Z","service":"payment-gateway","pid":136117,"configPath":"/opt/payment-gateway/config/default.json","successRate":0.92,"errorRcs":["51","55","61","68","96","05"],"methods":["QRIS","VA_BCA","VA_BSI","VA_MANDIRI","CREDIT_CARD","GOPAY","OVO"],"msg":"payment gateway simulator starting"}
{"level":30,"time":"2026-04-21T06:27:56.781Z","service":"payment-gateway","pid":136117,"host":"127.0.0.1","port":3000,"msg":"listening"}
{"level":30,"time":"2026-04-21T06:28:04.920Z","service":"payment-gateway","pid":136117,"signal":"SIGTERM","msg":"shutdown signal received"}
{"level":30,"time":"2026-04-21T06:28:04.923Z","service":"payment-gateway","pid":136117,"msg":"http server closed, exiting"}
{"level":30,"time":"2026-04-21T06:28:05.183Z","service":"payment-gateway","pid":136707,"configPath":"/opt/payment-gateway/config/default.json","successRate":0.92,"errorRcs":["51","55","61","68","96","05"],"methods":["QRIS","VA_BCA","VA_BSI","VA_MANDIRI","CREDIT_CARD","GOPAY","OVO"],"msg":"payment gateway simulator starting"}
{"level":30,"time":"2026-04-21T06:28:05.197Z","service":"payment-gateway","pid":136707,"host":"127.0.0.1","port":3000,"msg":"listening"}
{"level":30,"time":"2026-04-21T06:28:43.274Z","service":"payment-gateway","pid":136707,"logger":"PaymentService","traceId":"dff3398be2a50c24","txnId":"TXN-1776752923274-1","amount":50000,"method":"QRIS","msg":"payment request received"}
{"level":50,"time":"2026-04-21T06:28:43.381Z","service":"payment-gateway","pid":136707,"logger":"BankConnector","txnId":"TXN-1776752923274-1","traceId":"dff3398be2a50c24","method":"QRIS","amount":50000,"rc":"05","message":"Do Not Honor (Suspected Fraud)","latencyMs":103,"upstream":"ASPI_QRIS_SWITCH","msg":"upstream authorize failed"}
{"level":50,"time":"2026-04-21T06:28:43.381Z","service":"payment-gateway","pid":136707,"logger":"PaymentService","traceId":"dff3398be2a50c24","txnId":"TXN-1776752923274-1","amount":50000,"method":"QRIS","rc":"05","status":"FAILED","message":"Do Not Honor (Suspected Fraud)","bankLatencyMs":103,"totalLatencyMs":107,"msg":"payment failed"}
{"level":40,"time":"2026-04-21T06:28:43.386Z","service":"payment-gateway","pid":136707,"logger":"HttpAccess","req":{"method":"POST","url":"/api/payment","remoteAddress":"127.0.0.1"},"res":{"statusCode":403},"responseTime":126,"msg":"request completed"}
{"level":30,"time":"2026-04-21T06:28:49.080Z","service":"payment-gateway","pid":136707,"logger":"PaymentService","traceId":"b172356530941b08","txnId":"TXN-1776752929080-2","amount":50000,"method":"QRIS","msg":"payment request received"}
{"level":30,"time":"2026-04-21T06:28:49.179Z","service":"payment-gateway","pid":136707,"logger":"BankConnector","txnId":"TXN-1776752929080-2","traceId":"b172356530941b08","method":"QRIS","amount":50000,"rc":"00","message":"Approved","latencyMs":98,"upstream":"ASPI_QRIS_SWITCH","msg":"upstream authorize approved"}
{"level":30,"time":"2026-04-21T06:28:49.179Z","service":"payment-gateway","pid":136707,"logger":"PaymentService","traceId":"b172356530941b08","txnId":"TXN-1776752929080-2","amount":50000,"method":"QRIS","rc":"00","status":"SUCCESS","message":"Approved","bankLatencyMs":98,"totalLatencyMs":99,"msg":"payment approved"}
{"level":30,"time":"2026-04-21T06:28:49.180Z","service":"payment-gateway","pid":136707,"logger":"HttpAccess","req":{"method":"POST","url":"/api/payment","remoteAddress":"127.0.0.1"},"res":{"statusCode":200},"responseTime":101,"msg":"request completed"}
{"level":30,"time":"2026-04-21T06:29:10.289Z","service":"payment-gateway","pid":136707,"logger":"PaymentService","traceId":"b42436b62dea8fb0","txnId":"TXN-1776752950289-3","amount":50000,"method":"QRIS","msg":"payment request received"}
{"level":30,"time":"2026-04-21T06:29:10.409Z","service":"payment-gateway","pid":136707,"logger":"BankConnector","txnId":"TXN-1776752950289-3","traceId":"b42436b62dea8fb0","method":"QRIS","amount":50000,"rc":"00","message":"Approved","latencyMs":119,"upstream":"ASPI_QRIS_SWITCH","msg":"upstream authorize approved"}
{"level":30,"time":"2026-04-21T06:29:10.410Z","service":"payment-gateway","pid":136707,"logger":"PaymentService","traceId":"b42436b62dea8fb0","txnId":"TXN-1776752950289-3","amount":50000,"method":"QRIS","rc":"00","status":"SUCCESS","message":"Approved","bankLatencyMs":119,"totalLatencyMs":121,"msg":"payment approved"}
{"level":30,"time":"2026-04-21T06:29:10.410Z","service":"payment-gateway","pid":136707,"logger":"HttpAccess","req":{"method":"POST","url":"/api/payment","remoteAddress":"127.0.0.1"},"res":{"statusCode":200},"responseTime":121,"msg":"request completed"}
{"level":30,"time":"2026-04-21T06:29:12.380Z","service":"payment-gateway","pid":136707,"logger":"PaymentService","traceId":"bea5721a4d5d496d","txnId":"TXN-1776752952380-4","amount":50000,"method":"QRIS","msg":"payment request received"}
{"level":30,"time":"2026-04-21T06:29:12.475Z","service":"payment-gateway","pid":136707,"logger":"BankConnector","txnId":"TXN-1776752952380-4","traceId":"bea5721a4d5d496d","method":"QRIS","amount":50000,"rc":"00","message":"Approved","latencyMs":94,"upstream":"ASPI_QRIS_SWITCH","msg":"upstream authorize approved"}
{"level":30,"time":"2026-04-21T06:29:12.476Z","service":"payment-gateway","pid":136707,"logger":"PaymentService","traceId":"bea5721a4d5d496d","txnId":"TXN-1776752952380-4","amount":50000,"method":"QRIS","rc":"00","status":"SUCCESS","message":"Approved","bankLatencyMs":94,"totalLatencyMs":96,"msg":"payment approved"}
{"level":30,"time":"2026-04-21T06:29:12.477Z","service":"payment-gateway","pid":136707,"logger":"HttpAccess","req":{"method":"POST","url":"/api/payment","remoteAddress":"127.0.0.1"},"res":{"statusCode":200},"responseTime":97,"msg":"request completed"}
{"level":30,"time":"2026-04-21T06:29:13.798Z","service":"payment-gateway","pid":136707,"logger":"PaymentService","traceId":"dd05e19cc9bedd04","txnId":"TXN-1776752953798-5","amount":50000,"method":"QRIS","msg":"payment request received"}
{"level":30,"time":"2026-04-21T06:29:13.914Z","service":"payment-gateway","pid":136707,"logger":"BankConnector","txnId":"TXN-1776752953798-5","traceId":"dd05e19cc9bedd04","method":"QRIS","amount":50000,"rc":"00","message":"Approved","latencyMs":116,"upstream":"ASPI_QRIS_SWITCH","msg":"upstream authorize approved"}
{"level":30,"time":"2026-04-21T06:29:13.914Z","service":"payment-gateway","pid":136707,"logger":"PaymentService","traceId":"dd05e19cc9bedd04","txnId":"TXN-1776752953798-5","amount":50000,"method":"QRIS","rc":"00","status":"SUCCESS","message":"Approved","bankLatencyMs":116,"totalLatencyMs":116,"msg":"payment approved"}
{"level":30,"time":"2026-04-21T06:29:13.915Z","service":"payment-gateway","pid":136707,"logger":"HttpAccess","req":{"method":"POST","url":"/api/payment","remoteAddress":"127.0.0.1"},"res":{"statusCode":200},"responseTime":118,"msg":"request completed"}
{"level":30,"time":"2026-04-21T06:29:14.923Z","service":"payment-gateway","pid":136707,"logger":"PaymentService","traceId":"a24641d5b9fd07b1","txnId":"TXN-1776752954923-6","amount":50000,"method":"QRIS","msg":"payment request received"}
{"level":40,"time":"2026-04-21T06:29:14.996Z","service":"payment-gateway","pid":136707,"logger":"BankConnector","txnId":"TXN-1776752954923-6","traceId":"a24641d5b9fd07b1","method":"QRIS","amount":50000,"rc":"61","message":"Daily Velocity Limit Exceeded","latencyMs":72,"upstream":"ASPI_QRIS_SWITCH","msg":"upstream authorize declined"}
{"level":40,"time":"2026-04-21T06:29:14.996Z","service":"payment-gateway","pid":136707,"logger":"PaymentService","traceId":"a24641d5b9fd07b1","txnId":"TXN-1776752954923-6","amount":50000,"method":"QRIS","rc":"61","status":"FAILED","message":"Daily Velocity Limit Exceeded","bankLatencyMs":72,"totalLatencyMs":73,"msg":"payment declined"}
{"level":40,"time":"2026-04-21T06:29:14.997Z","service":"payment-gateway","pid":136707,"logger":"HttpAccess","req":{"method":"POST","url":"/api/payment","remoteAddress":"127.0.0.1"},"res":{"statusCode":429},"responseTime":74,"msg":"request completed"}

# === 100 PaymentService records (sampled) ===
{"level":30,"time":"2026-04-21T06:33:44.095Z","service":"payment-gateway","pid":136707,"logger":"PaymentService","traceId":"d966e9949f201e32","txnId":"TXN-1776753223916-50","customerId":"cust-001","amount":50000,"method":"QRIS","rc":"00","status":"SUCCESS","message":"Approved","bankLatencyMs":178,"totalLatencyMs":179,"msg":"payment approved"}
{"level":30,"time":"2026-04-22T04:34:07.173Z","service":"payment-gateway","pid":11812,"logger":"PaymentService","traceId":"8f98369179118454","txnId":"TXN-1776832447011-31","customerId":"cust-005","amount":50000,"method":"GOPAY","rc":"00","status":"SUCCESS","message":"Approved","bankLatencyMs":162,"cpuBurnMs":0,"totalLatencyMs":162,"msg":"payment approved"}
{"level":30,"time":"2026-04-22T04:34:10.964Z","service":"payment-gateway","pid":11812,"logger":"PaymentService","traceId":"d89c749cb0420049","txnId":"TXN-1776832450964-82","customerId":"cust-003","amount":50000,"method":"VA_BSI","msg":"payment request received"}
{"level":30,"time":"2026-04-22T04:34:13.580Z","service":"payment-gateway","pid":11812,"logger":"PaymentService","traceId":"533c7fd8ce4ec985","txnId":"TXN-1776832453580-132","customerId":"cust-002","amount":100000,"method":"VA_BCA","msg":"payment request received"}
{"level":30,"time":"2026-04-22T04:34:15.969Z","service":"payment-gateway","pid":11812,"logger":"PaymentService","traceId":"dc86edb5ae9152ef","txnId":"TXN-1776832455969-182","customerId":"cust-004","amount":500000,"method":"GOPAY","msg":"payment request received"}
{"level":30,"time":"2026-04-22T04:34:17.714Z","service":"payment-gateway","pid":11812,"logger":"PaymentService","traceId":"2fb072e3bd5b2aa0","txnId":"TXN-1776832457714-233","customerId":"cust-002","amount":50000,"method":"OVO","msg":"payment request received"}
{"level":30,"time":"2026-04-22T04:34:19.371Z","service":"payment-gateway","pid":11812,"logger":"PaymentService","traceId":"f584c7e3c0844a9f","txnId":"TXN-1776832459371-283","customerId":"cust-002","amount":1000000,"method":"QRIS","msg":"payment request received"}
{"level":30,"time":"2026-04-22T04:34:20.869Z","service":"payment-gateway","pid":11812,"logger":"PaymentService","traceId":"994991bb69791b02","txnId":"TXN-1776832460869-333","customerId":"cust-005","amount":50000,"method":"VA_BSI","msg":"payment request received"}
{"level":30,"time":"2026-04-22T04:34:22.334Z","service":"payment-gateway","pid":11812,"logger":"PaymentService","traceId":"35ac9c6a34917215","txnId":"TXN-1776832462194-380","customerId":"cust-004","amount":50000,"method":"QRIS","rc":"00","status":"SUCCESS","message":"Approved","bankLatencyMs":140,"cpuBurnMs":0,"totalLatencyMs":140,"msg":"payment approved"}
{"level":50,"time":"2026-04-22T04:34:24.041Z","service":"payment-gateway","pid":11812,"logger":"PaymentService","traceId":"7076ae1f672a38dc","txnId":"TXN-1776832460284-314","customerId":"cust-002","amount":50000,"method":"CREDIT_CARD","rc":"68","status":"FAILED","message":"Upstream Bank Timeout","bankLatencyMs":3756,"cpuBurnMs":0,"totalLatencyMs":3757,"msg":"payment failed"}
{"level":40,"time":"2026-04-22T04:34:25.380Z","service":"payment-gateway","pid":11812,"logger":"PaymentService","traceId":"0411935f0cd8969d","txnId":"TXN-1776832465279-482","customerId":"cust-003","amount":1000000,"method":"CREDIT_CARD","rc":"51","status":"FAILED","message":"Insufficient Funds","bankLatencyMs":100,"cpuBurnMs":0,"totalLatencyMs":101,"msg":"payment declined"}
{"level":30,"time":"2026-04-22T04:34:26.631Z","service":"payment-gateway","pid":11812,"logger":"PaymentService","traceId":"bcc85ba2d7c61f6f","txnId":"TXN-1776832466539-528","customerId":"cust-002","amount":500000,"method":"VA_BCA","rc":"00","status":"SUCCESS","message":"Approved","bankLatencyMs":92,"cpuBurnMs":0,"totalLatencyMs":92,"msg":"payment approved"}
{"level":30,"time":"2026-04-22T04:34:27.774Z","service":"payment-gateway","pid":11812,"logger":"PaymentService","traceId":"81a3605ee5eb5a8a","txnId":"TXN-1776832467631-579","customerId":"cust-002","amount":1000000,"method":"VA_BSI","rc":"00","status":"SUCCESS","message":"Approved","bankLatencyMs":143,"cpuBurnMs":0,"totalLatencyMs":143,"msg":"payment approved"}
{"level":30,"time":"2026-04-22T04:34:29.024Z","service":"payment-gateway","pid":11812,"logger":"PaymentService","traceId":"042b28bffec47bfb","txnId":"TXN-1776832469024-635","customerId":"cust-005","amount":50000,"method":"VA_BCA","msg":"payment request received"}
{"level":30,"time":"2026-04-22T04:34:30.106Z","service":"payment-gateway","pid":11812,"logger":"PaymentService","traceId":"f21d16082028f616","txnId":"TXN-1776832470106-685","customerId":"cust-001","amount":250000,"method":"CREDIT_CARD","msg":"payment request received"}
{"level":30,"time":"2026-04-22T04:34:31.248Z","service":"payment-gateway","pid":11812,"logger":"PaymentService","traceId":"a488d1ddbbc07c0b","txnId":"TXN-1776832471248-734","customerId":"cust-003","amount":10000,"method":"VA_BSI","msg":"payment request received"}
{"level":30,"time":"2026-04-22T04:34:32.407Z","service":"payment-gateway","pid":11812,"logger":"PaymentService","traceId":"fee3585dac95ab83","txnId":"TXN-1776832472359-784","customerId":"cust-005","amount":50000,"method":"QRIS","rc":"00","status":"SUCCESS","message":"Approved","bankLatencyMs":47,"cpuBurnMs":0,"totalLatencyMs":48,"msg":"payment approved"}
{"level":30,"time":"2026-04-22T04:34:33.483Z","service":"payment-gateway","pid":11812,"logger":"PaymentService","traceId":"faaf5e90236fa2a5","txnId":"TXN-1776832473483-836","customerId":"cust-005","amount":1000000,"method":"VA_MANDIRI","msg":"payment request received"}
{"level":30,"time":"2026-04-22T04:34:34.414Z","service":"payment-gateway","pid":11812,"logger":"PaymentService","traceId":"4b8173bc7c783179","txnId":"TXN-1776832474414-886","customerId":"cust-001","amount":250000,"method":"OVO","msg":"payment request received"}
{"level":30,"time":"2026-04-22T04:34:35.495Z","service":"payment-gateway","pid":11812,"logger":"PaymentService","traceId":"8c2c8dea0130d738","txnId":"TXN-1776832475329-928","customerId":"cust-002","amount":100000,"method":"CREDIT_CARD","rc":"00","status":"SUCCESS","message":"Approved","bankLatencyMs":167,"cpuBurnMs":0,"totalLatencyMs":166,"msg":"payment approved"}
{"level":30,"time":"2026-04-22T04:34:36.686Z","service":"payment-gateway","pid":11812,"logger":"PaymentService","traceId":"b5ec2f4b8f58c6b9","txnId":"TXN-1776832476509-980","customerId":"cust-005","amount":50000,"method":"VA_BSI","rc":"00","status":"SUCCESS","message":"Approved","bankLatencyMs":177,"cpuBurnMs":0,"totalLatencyMs":177,"msg":"payment approved"}
{"level":30,"time":"2026-04-22T04:34:37.756Z","service":"payment-gateway","pid":11812,"logger":"PaymentService","traceId":"836c2a9fc06a994d","txnId":"TXN-1776832477756-1037","customerId":"cust-003","amount":250000,"method":"VA_MANDIRI","msg":"payment request received"}
{"level":30,"time":"2026-04-22T04:34:38.935Z","service":"payment-gateway","pid":11812,"logger":"PaymentService","traceId":"9bda9c41c8451a76","txnId":"TXN-1776832478776-1080","customerId":"cust-001","amount":500000,"method":"GOPAY","rc":"00","status":"SUCCESS","message":"Approved","bankLatencyMs":159,"cpuBurnMs":0,"totalLatencyMs":159,"msg":"payment approved"}
{"level":40,"time":"2026-04-22T04:34:40.356Z","service":"payment-gateway","pid":11812,"logger":"PaymentService","traceId":"e289da52b773af0f","txnId":"TXN-1776832480303-1133","customerId":"cust-001","amount":10000,"method":"VA_BCA","rc":"51","status":"FAILED","message":"Insufficient Funds","bankLatencyMs":52,"cpuBurnMs":0,"totalLatencyMs":53,"msg":"payment declined"}
{"level":30,"time":"2026-04-22T04:34:41.423Z","service":"payment-gateway","pid":11812,"logger":"PaymentService","traceId":"c1e849c5be07fe5e","txnId":"TXN-1776832481304-1179","customerId":"cust-005","amount":250000,"method":"CREDIT_CARD","rc":"00","status":"SUCCESS","message":"Approved","bankLatencyMs":120,"cpuBurnMs":0,"totalLatencyMs":119,"msg":"payment approved"}
{"level":30,"time":"2026-04-22T04:34:42.444Z","service":"payment-gateway","pid":11812,"logger":"PaymentService","traceId":"9c29a8a802a354df","txnId":"TXN-1776832482444-1235","customerId":"cust-005","amount":500000,"method":"CREDIT_CARD","msg":"payment request received"}
{"level":30,"time":"2026-04-22T04:34:43.520Z","service":"payment-gateway","pid":11812,"logger":"PaymentService","traceId":"855f5f8a93bc794a","txnId":"TXN-1776832483375-1280","customerId":"cust-003","amount":1000000,"method":"VA_BCA","rc":"00","status":"SUCCESS","message":"Approved","bankLatencyMs":144,"cpuBurnMs":0,"totalLatencyMs":145,"msg":"payment approved"}
{"level":30,"time":"2026-04-22T04:34:44.646Z","service":"payment-gateway","pid":11812,"logger":"PaymentService","traceId":"dc4f8f045aab95b1","txnId":"TXN-1776832484573-1332","customerId":"cust-003","amount":50000,"method":"QRIS","rc":"00","status":"SUCCESS","message":"Approved","bankLatencyMs":72,"cpuBurnMs":0,"totalLatencyMs":73,"msg":"payment approved"}
{"level":30,"time":"2026-04-22T04:34:45.618Z","service":"payment-gateway","pid":11812,"logger":"PaymentService","traceId":"8991e4b6a27deaf9","txnId":"TXN-1776832485618-1386","customerId":"cust-005","amount":25000,"method":"VA_MANDIRI","msg":"payment request received"}
{"level":30,"time":"2026-04-22T04:34:46.712Z","service":"payment-gateway","pid":11812,"logger":"PaymentService","traceId":"c794e73ba3936c46","txnId":"TXN-1776832486537-1426","customerId":"cust-005","amount":250000,"method":"GOPAY","rc":"00","status":"SUCCESS","message":"Approved","bankLatencyMs":175,"cpuBurnMs":0,"totalLatencyMs":175,"msg":"payment approved"}
{"level":30,"time":"2026-04-22T04:34:47.768Z","service":"payment-gateway","pid":11812,"logger":"PaymentService","traceId":"f656989c4c4f0cb9","txnId":"TXN-1776832487768-1485","customerId":"cust-003","amount":25000,"method":"GOPAY","msg":"payment request received"}
{"level":30,"time":"2026-04-22T04:34:48.838Z","service":"payment-gateway","pid":11812,"logger":"PaymentService","traceId":"3bda48935d5ff7ad","txnId":"TXN-1776832488838-1536","customerId":"cust-005","amount":25000,"method":"VA_MANDIRI","msg":"payment request received"}
{"level":30,"time":"2026-04-22T04:34:49.886Z","service":"payment-gateway","pid":11812,"logger":"PaymentService","traceId":"5c9d1b32fd297110","txnId":"TXN-1776832489713-1578","customerId":"cust-004","amount":100000,"method":"OVO","rc":"00","status":"SUCCESS","message":"Approved","bankLatencyMs":173,"cpuBurnMs":0,"totalLatencyMs":173,"msg":"payment approved"}
{"level":30,"time":"2026-04-22T04:34:50.959Z","service":"payment-gateway","pid":11812,"logger":"PaymentService","traceId":"e13d4fb1214ed43f","txnId":"TXN-1776832490959-1634","customerId":"cust-005","amount":250000,"method":"CREDIT_CARD","msg":"payment request received"}
{"level":30,"time":"2026-04-22T04:34:52.034Z","service":"payment-gateway","pid":11812,"logger":"PaymentService","traceId":"7ee21fe3bd382e06","txnId":"TXN-1776832491934-1681","customerId":"cust-004","amount":100000,"method":"VA_BCA","rc":"00","status":"SUCCESS","message":"Approved","bankLatencyMs":100,"cpuBurnMs":0,"totalLatencyMs":100,"msg":"payment approved"}
{"level":30,"time":"2026-04-22T04:34:53.178Z","service":"payment-gateway","pid":11812,"logger":"PaymentService","traceId":"0071c4065c05722a","txnId":"TXN-1776832493051-1727","customerId":"cust-004","amount":100000,"method":"VA_BCA","rc":"00","status":"SUCCESS","message":"Approved","bankLatencyMs":127,"cpuBurnMs":0,"totalLatencyMs":127,"msg":"payment approved"}
{"level":30,"time":"2026-04-22T04:34:54.156Z","service":"payment-gateway","pid":11812,"logger":"PaymentService","traceId":"e03f1cf02602e5a3","txnId":"TXN-1776832494040-1776","customerId":"cust-003","amount":1000000,"method":"OVO","rc":"00","status":"SUCCESS","message":"Approved","bankLatencyMs":116,"cpuBurnMs":0,"totalLatencyMs":116,"msg":"payment approved"}
{"level":30,"time":"2026-04-22T04:34:55.179Z","service":"payment-gateway","pid":11812,"logger":"PaymentService","traceId":"5ba76ca3a665824e","txnId":"TXN-1776832495179-1835","customerId":"cust-002","amount":100000,"method":"VA_MANDIRI","msg":"payment request received"}
{"level":30,"time":"2026-04-22T04:34:56.290Z","service":"payment-gateway","pid":11812,"logger":"PaymentService","traceId":"3680cd675e44518f","txnId":"TXN-1776832496193-1881","customerId":"cust-002","amount":250000,"method":"VA_MANDIRI","rc":"00","status":"SUCCESS","message":"Approved","bankLatencyMs":97,"cpuBurnMs":0,"totalLatencyMs":97,"msg":"payment approved"}
{"level":50,"time":"2026-04-22T04:34:57.412Z","service":"payment-gateway","pid":11812,"logger":"PaymentService","traceId":"2e50b7f18a231413","txnId":"TXN-1776832497266-1928","customerId":"cust-005","amount":100000,"method":"QRIS","rc":"96","status":"FAILED","message":"System Malfunction ISO-8583","bankLatencyMs":145,"cpuBurnMs":0,"totalLatencyMs":146,"msg":"payment failed"}
{"level":30,"time":"2026-04-22T04:34:58.624Z","service":"payment-gateway","pid":11812,"logger":"PaymentService","traceId":"cdceceebc73e1dd4","txnId":"TXN-1776832498501-1979","customerId":"cust-004","amount":1000000,"method":"VA_BCA","rc":"00","status":"SUCCESS","message":"Approved","bankLatencyMs":122,"cpuBurnMs":0,"totalLatencyMs":123,"msg":"payment approved"}
{"level":30,"time":"2026-04-22T04:34:59.667Z","service":"payment-gateway","pid":11812,"logger":"PaymentService","traceId":"bb232d9fdc4e1130","txnId":"TXN-1776832499667-2035","customerId":"cust-002","amount":10000,"method":"VA_BSI","msg":"payment request received"}
{"level":30,"time":"2026-04-22T04:35:00.785Z","service":"payment-gateway","pid":11812,"logger":"PaymentService","traceId":"020a3fa3ec39c7b9","txnId":"TXN-1776832500681-2083","customerId":"cust-002","amount":100000,"method":"QRIS","rc":"00","status":"SUCCESS","message":"Approved","bankLatencyMs":104,"cpuBurnMs":0,"totalLatencyMs":104,"msg":"payment approved"}
{"level":30,"time":"2026-04-22T04:35:01.771Z","service":"payment-gateway","pid":11812,"logger":"PaymentService","traceId":"0b7e3fb2480c2e9c","txnId":"TXN-1776832501696-2132","customerId":"cust-004","amount":1000000,"method":"VA_BCA","rc":"00","status":"SUCCESS","message":"Approved","bankLatencyMs":75,"cpuBurnMs":0,"totalLatencyMs":75,"msg":"payment approved"}
{"level":30,"time":"2026-04-22T04:35:03.073Z","service":"payment-gateway","pid":11812,"logger":"PaymentService","traceId":"332646c6f118c616","txnId":"TXN-1776832503073-2185","customerId":"cust-004","amount":100000,"method":"OVO","msg":"payment request received"}
{"level":30,"time":"2026-04-22T04:35:04.090Z","service":"payment-gateway","pid":11812,"logger":"PaymentService","traceId":"f98d3636f4fabbb1","txnId":"TXN-1776832504090-2235","customerId":"cust-002","amount":25000,"method":"QRIS","msg":"payment request received"}
{"level":30,"time":"2026-04-22T04:35:05.131Z","service":"payment-gateway","pid":11812,"logger":"PaymentService","traceId":"f2c8ff857b623869","txnId":"TXN-1776832505131-2283","customerId":"cust-005","amount":10000,"method":"CREDIT_CARD","msg":"payment request received"}
{"level":30,"time":"2026-04-22T04:35:06.175Z","service":"payment-gateway","pid":11812,"logger":"PaymentService","traceId":"3b09821d8551a31e","txnId":"TXN-1776832506009-2327","customerId":"cust-002","amount":1000000,"method":"VA_BCA","rc":"00","status":"SUCCESS","message":"Approved","bankLatencyMs":165,"cpuBurnMs":0,"totalLatencyMs":166,"msg":"payment approved"}
{"level":30,"time":"2026-04-22T04:35:07.241Z","service":"payment-gateway","pid":11812,"logger":"PaymentService","traceId":"891780dc0f7363c7","txnId":"TXN-1776832507241-2384","customerId":"cust-002","amount":25000,"method":"OVO","msg":"payment request received"}
{"level":30,"time":"2026-04-22T04:35:08.519Z","service":"payment-gateway","pid":11812,"logger":"PaymentService","traceId":"5472f0b23aacf270","txnId":"TXN-1776832508519-2435","customerId":"cust-002","amount":50000,"method":"GOPAY","msg":"payment request received"}
{"level":30,"time":"2026-04-22T04:35:09.726Z","service":"payment-gateway","pid":11812,"logger":"PaymentService","traceId":"82567f145833b5be","txnId":"TXN-1776832509725-2485","customerId":"cust-003","amount":500000,"method":"VA_BCA","msg":"payment request received"}
{"level":30,"time":"2026-04-22T04:35:10.854Z","service":"payment-gateway","pid":11812,"logger":"PaymentService","traceId":"496511fd95049a63","txnId":"TXN-1776832510854-2536","customerId":"cust-004","amount":10000,"method":"VA_MANDIRI","msg":"payment request received"}
{"level":30,"time":"2026-04-22T04:35:11.842Z","service":"payment-gateway","pid":11812,"logger":"PaymentService","traceId":"435246cee2faf6e8","txnId":"TXN-1776832511842-2587","customerId":"cust-001","amount":500000,"method":"VA_BSI","msg":"payment request received"}
{"level":30,"time":"2026-04-22T04:35:13.098Z","service":"payment-gateway","pid":11812,"logger":"PaymentService","traceId":"acfb6fee451cfdff","txnId":"TXN-1776832513098-2635","customerId":"cust-004","amount":1000000,"method":"CREDIT_CARD","msg":"payment request received"}
{"level":30,"time":"2026-04-22T04:35:14.214Z","service":"payment-gateway","pid":11812,"logger":"PaymentService","traceId":"dc513776a5bba4cd","txnId":"TXN-1776832514080-2678","customerId":"cust-005","amount":1000000,"method":"VA_MANDIRI","rc":"00","status":"SUCCESS","message":"Approved","bankLatencyMs":134,"cpuBurnMs":0,"totalLatencyMs":134,"msg":"payment approved"}
{"level":30,"time":"2026-04-22T04:35:15.403Z","service":"payment-gateway","pid":11812,"logger":"PaymentService","traceId":"66411abd2993a966","txnId":"TXN-1776832515403-2736","customerId":"cust-004","amount":100000,"method":"OVO","msg":"payment request received"}
{"level":30,"time":"2026-04-22T04:35:16.604Z","service":"payment-gateway","pid":11812,"logger":"PaymentService","traceId":"12c158c10f2e3a44","txnId":"TXN-1776832516604-2786","customerId":"cust-001","amount":1000000,"method":"VA_MANDIRI","msg":"payment request received"}
{"level":30,"time":"2026-04-22T04:35:17.893Z","service":"payment-gateway","pid":11812,"logger":"PaymentService","traceId":"991ba37445ba5c97","txnId":"TXN-1776832517848-2833","customerId":"cust-005","amount":25000,"method":"QRIS","rc":"00","status":"SUCCESS","message":"Approved","bankLatencyMs":44,"cpuBurnMs":0,"totalLatencyMs":45,"msg":"payment approved"}
{"level":30,"time":"2026-04-22T04:35:19.067Z","service":"payment-gateway","pid":11812,"logger":"PaymentService","traceId":"a69508abbcb91c3c","txnId":"TXN-1776832519067-2886","customerId":"cust-004","amount":250000,"method":"QRIS","msg":"payment request received"}
{"level":30,"time":"2026-04-22T04:35:20.390Z","service":"payment-gateway","pid":11812,"logger":"PaymentService","traceId":"aec96f0a14ec5e6c","txnId":"TXN-1776832520390-2935","customerId":"cust-002","amount":25000,"method":"CREDIT_CARD","msg":"payment request received"}
{"level":30,"time":"2026-04-22T04:35:21.696Z","service":"payment-gateway","pid":11812,"logger":"PaymentService","traceId":"73dc30e4564e7a9f","txnId":"TXN-1776832521696-2986","customerId":"cust-004","amount":250000,"method":"VA_BCA","msg":"payment request received"}
{"level":30,"time":"2026-04-22T04:35:22.777Z","service":"payment-gateway","pid":11812,"logger":"PaymentService","traceId":"a9f7b68b93e7049c","txnId":"TXN-1776832522777-3036","customerId":"cust-003","amount":50000,"method":"VA_BCA","msg":"payment request received"}
{"level":30,"time":"2026-04-22T04:35:23.809Z","service":"payment-gateway","pid":11812,"logger":"PaymentService","traceId":"c0a6cce7988bb2dd","txnId":"TXN-1776832523809-3083","customerId":"cust-005","amount":25000,"method":"VA_MANDIRI","msg":"payment request received"}
{"level":30,"time":"2026-04-22T04:35:24.752Z","service":"payment-gateway","pid":11812,"logger":"PaymentService","traceId":"9c156d653e4c771f","txnId":"TXN-1776832524705-3130","customerId":"cust-003","amount":1000000,"method":"QRIS","rc":"00","status":"SUCCESS","message":"Approved","bankLatencyMs":47,"cpuBurnMs":0,"totalLatencyMs":47,"msg":"payment approved"}
{"level":30,"time":"2026-04-22T04:35:25.776Z","service":"payment-gateway","pid":11812,"logger":"PaymentService","traceId":"ee2ecbc8368683bd","txnId":"TXN-1776832525776-3183","customerId":"cust-005","amount":25000,"method":"VA_MANDIRI","msg":"payment request received"}
{"level":40,"time":"2026-04-22T04:35:26.817Z","service":"payment-gateway","pid":11812,"logger":"PaymentService","traceId":"2ba8aca611ceddec","txnId":"TXN-1776832526698-3227","customerId":"cust-001","amount":100000,"method":"VA_BSI","rc":"51","status":"FAILED","message":"Insufficient Funds","bankLatencyMs":118,"cpuBurnMs":0,"totalLatencyMs":119,"msg":"payment declined"}
{"level":30,"time":"2026-04-22T04:35:27.946Z","service":"payment-gateway","pid":11812,"logger":"PaymentService","traceId":"79bfc4dadcba8ebc","txnId":"TXN-1776832527846-3277","customerId":"cust-004","amount":25000,"method":"OVO","rc":"00","status":"SUCCESS","message":"Approved","bankLatencyMs":99,"cpuBurnMs":0,"totalLatencyMs":100,"msg":"payment approved"}
{"level":30,"time":"2026-04-22T04:35:29.033Z","service":"payment-gateway","pid":11812,"logger":"PaymentService","traceId":"ca155b68c971019d","txnId":"TXN-1776832528979-3332","customerId":"cust-002","amount":50000,"method":"VA_BCA","rc":"00","status":"SUCCESS","message":"Approved","bankLatencyMs":53,"cpuBurnMs":0,"totalLatencyMs":54,"msg":"payment approved"}
{"level":30,"time":"2026-04-22T04:35:30.098Z","service":"payment-gateway","pid":11812,"logger":"PaymentService","traceId":"b7127af602c707fe","txnId":"TXN-1776832530098-3385","customerId":"cust-001","amount":250000,"method":"CREDIT_CARD","msg":"payment request received"}
{"level":30,"time":"2026-04-22T04:35:31.091Z","service":"payment-gateway","pid":11812,"logger":"PaymentService","traceId":"6fb25186df429192","txnId":"TXN-1776832531091-3434","customerId":"cust-001","amount":25000,"method":"OVO","msg":"payment request received"}
{"level":30,"time":"2026-04-22T04:35:32.038Z","service":"payment-gateway","pid":11812,"logger":"PaymentService","traceId":"abfd013e5de17ef1","txnId":"TXN-1776832531885-3478","customerId":"cust-005","amount":100000,"method":"VA_BSI","rc":"00","status":"SUCCESS","message":"Approved","bankLatencyMs":153,"cpuBurnMs":0,"totalLatencyMs":153,"msg":"payment approved"}
{"level":30,"time":"2026-04-22T04:35:33.062Z","service":"payment-gateway","pid":11812,"logger":"PaymentService","traceId":"3b270babbed634fe","txnId":"TXN-1776832533017-3531","customerId":"cust-002","amount":500000,"method":"OVO","rc":"00","status":"SUCCESS","message":"Approved","bankLatencyMs":45,"cpuBurnMs":0,"totalLatencyMs":45,"msg":"payment approved"}
{"level":30,"time":"2026-04-22T04:35:34.222Z","service":"payment-gateway","pid":11812,"logger":"PaymentService","traceId":"320c2773c8d791c1","txnId":"TXN-1776832534164-3583","customerId":"cust-004","amount":100000,"method":"OVO","rc":"00","status":"SUCCESS","message":"Approved","bankLatencyMs":58,"cpuBurnMs":0,"totalLatencyMs":58,"msg":"payment approved"}
{"level":30,"time":"2026-04-22T04:35:35.367Z","service":"payment-gateway","pid":11812,"logger":"PaymentService","traceId":"888ee9a701ca885d","txnId":"TXN-1776832535200-3626","customerId":"cust-002","amount":1000000,"method":"VA_MANDIRI","rc":"00","status":"SUCCESS","message":"Approved","bankLatencyMs":167,"cpuBurnMs":0,"totalLatencyMs":167,"msg":"payment approved"}
{"level":30,"time":"2026-04-22T04:35:36.527Z","service":"payment-gateway","pid":11812,"logger":"PaymentService","traceId":"de9a1baf07b85e9c","txnId":"TXN-1776832536474-3683","customerId":"cust-004","amount":25000,"method":"GOPAY","rc":"00","status":"SUCCESS","message":"Approved","bankLatencyMs":52,"cpuBurnMs":0,"totalLatencyMs":53,"msg":"payment approved"}
{"level":30,"time":"2026-04-22T04:35:37.597Z","service":"payment-gateway","pid":11812,"logger":"PaymentService","traceId":"95cd5de4f03b4e9e","txnId":"TXN-1776832537418-3730","customerId":"cust-002","amount":10000,"method":"CREDIT_CARD","rc":"00","status":"SUCCESS","message":"Approved","bankLatencyMs":179,"cpuBurnMs":0,"totalLatencyMs":179,"msg":"payment approved"}
{"level":30,"time":"2026-04-22T04:35:38.708Z","service":"payment-gateway","pid":11812,"logger":"PaymentService","traceId":"5c56fa54c2bff499","txnId":"TXN-1776832538708-3786","customerId":"cust-001","amount":500000,"method":"VA_MANDIRI","msg":"payment request received"}
{"level":30,"time":"2026-04-22T04:35:39.843Z","service":"payment-gateway","pid":11812,"logger":"PaymentService","traceId":"003002a71732f7d5","txnId":"TXN-1776832539843-3836","customerId":"cust-001","amount":10000,"method":"VA_MANDIRI","msg":"payment request received"}
{"level":30,"time":"2026-04-22T04:35:40.895Z","service":"payment-gateway","pid":11812,"logger":"PaymentService","traceId":"a7167233ce82fb80","txnId":"TXN-1776832540895-3885","customerId":"cust-004","amount":500000,"method":"GOPAY","msg":"payment request received"}
{"level":30,"time":"2026-04-22T04:35:41.970Z","service":"payment-gateway","pid":11812,"logger":"PaymentService","traceId":"aa95ea055dcd68ba","txnId":"TXN-1776832541970-3935","customerId":"cust-005","amount":10000,"method":"VA_BSI","msg":"payment request received"}
{"level":30,"time":"2026-04-22T04:35:43.015Z","service":"payment-gateway","pid":11812,"logger":"PaymentService","traceId":"6b59c4bc9f10ce5d","txnId":"TXN-1776832542909-3978","customerId":"cust-002","amount":100000,"method":"VA_BCA","rc":"00","status":"SUCCESS","message":"Approved","bankLatencyMs":106,"cpuBurnMs":0,"totalLatencyMs":106,"msg":"payment approved"}
{"level":30,"time":"2026-04-22T04:35:44.065Z","service":"payment-gateway","pid":11812,"logger":"PaymentService","traceId":"a31af5d280593626","txnId":"TXN-1776832543885-4026","customerId":"cust-001","amount":500000,"method":"VA_BSI","rc":"00","status":"SUCCESS","message":"Approved","bankLatencyMs":179,"cpuBurnMs":0,"totalLatencyMs":180,"msg":"payment approved"}
{"level":30,"time":"2026-04-22T04:35:45.063Z","service":"payment-gateway","pid":11812,"logger":"PaymentService","traceId":"255a72d52fe992ed","txnId":"TXN-1776832545009-4085","customerId":"cust-001","amount":100000,"method":"QRIS","rc":"00","status":"SUCCESS","message":"Approved","bankLatencyMs":53,"cpuBurnMs":0,"totalLatencyMs":54,"msg":"payment approved"}
{"level":30,"time":"2026-04-22T04:35:46.155Z","service":"payment-gateway","pid":11812,"logger":"PaymentService","traceId":"598c66fa6a6c5f9b","txnId":"TXN-1776832546155-4136","customerId":"cust-002","amount":50000,"method":"GOPAY","msg":"payment request received"}
{"level":30,"time":"2026-04-22T04:35:47.238Z","service":"payment-gateway","pid":11812,"logger":"PaymentService","traceId":"7b6fdf76f4655d80","txnId":"TXN-1776832547095-4178","customerId":"cust-005","amount":250000,"method":"VA_BCA","rc":"00","status":"SUCCESS","message":"Approved","bankLatencyMs":143,"cpuBurnMs":0,"totalLatencyMs":143,"msg":"payment approved"}
{"level":30,"time":"2026-04-22T04:35:48.392Z","service":"payment-gateway","pid":11812,"logger":"PaymentService","traceId":"ab830764d1ee23e1","txnId":"TXN-1776832548392-4236","customerId":"cust-002","amount":25000,"method":"VA_BSI","msg":"payment request received"}
{"level":30,"time":"2026-04-22T04:35:49.627Z","service":"payment-gateway","pid":11812,"logger":"PaymentService","traceId":"4e097b2a622fb2ce","txnId":"TXN-1776832549627-4285","customerId":"cust-004","amount":500000,"method":"VA_MANDIRI","msg":"payment request received"}
{"level":30,"time":"2026-04-22T04:35:50.739Z","service":"payment-gateway","pid":11812,"logger":"PaymentService","traceId":"506678fe445d5491","txnId":"TXN-1776832550739-4335","customerId":"cust-003","amount":25000,"method":"VA_MANDIRI","msg":"payment request received"}
{"level":30,"time":"2026-04-22T04:35:51.896Z","service":"payment-gateway","pid":11812,"logger":"PaymentService","traceId":"cc4bc33cc2be50a3","txnId":"TXN-1776832551896-4386","customerId":"cust-002","amount":25000,"method":"VA_BCA","msg":"payment request received"}
{"level":30,"time":"2026-04-22T04:35:52.978Z","service":"payment-gateway","pid":11812,"logger":"PaymentService","traceId":"c6bf3b45c5efb6cb","txnId":"TXN-1776832552978-4436","customerId":"cust-002","amount":250000,"method":"VA_MANDIRI","msg":"payment request received"}
{"level":30,"time":"2026-04-22T04:35:54.269Z","service":"payment-gateway","pid":11812,"logger":"PaymentService","traceId":"ba93faf1152063fb","txnId":"TXN-1776832554217-4482","customerId":"cust-003","amount":250000,"method":"VA_MANDIRI","rc":"00","status":"SUCCESS","message":"Approved","bankLatencyMs":51,"cpuBurnMs":0,"totalLatencyMs":52,"msg":"payment approved"}
{"level":30,"time":"2026-04-22T04:35:55.639Z","service":"payment-gateway","pid":11812,"logger":"PaymentService","traceId":"6b776c3db51adefe","txnId":"TXN-1776832555639-4536","customerId":"cust-001","amount":100000,"method":"OVO","msg":"payment request received"}
{"level":30,"time":"2026-04-22T04:35:56.928Z","service":"payment-gateway","pid":11812,"logger":"PaymentService","traceId":"72f81d37fbe9681c","txnId":"TXN-1776832556928-4585","customerId":"cust-003","amount":100000,"method":"QRIS","msg":"payment request received"}
{"level":30,"time":"2026-04-22T04:35:58.283Z","service":"payment-gateway","pid":11812,"logger":"PaymentService","traceId":"a8a6b6d6ff9b18fe","txnId":"TXN-1776832558198-4630","customerId":"cust-003","amount":1000000,"method":"VA_BSI","rc":"00","status":"SUCCESS","message":"Approved","bankLatencyMs":85,"cpuBurnMs":0,"totalLatencyMs":85,"msg":"payment approved"}
{"level":30,"time":"2026-04-22T04:35:59.432Z","service":"payment-gateway","pid":11812,"logger":"PaymentService","traceId":"b221f832dfda1b58","txnId":"TXN-1776832559432-4686","customerId":"cust-004","amount":1000000,"method":"VA_MANDIRI","msg":"payment request received"}
{"level":30,"time":"2026-04-22T04:36:00.505Z","service":"payment-gateway","pid":11812,"logger":"PaymentService","traceId":"4ef8c14cd8d878fa","txnId":"TXN-1776832560375-4732","customerId":"cust-002","amount":25000,"method":"VA_BCA","rc":"00","status":"SUCCESS","message":"Approved","bankLatencyMs":129,"cpuBurnMs":0,"totalLatencyMs":130,"msg":"payment approved"}
{"level":30,"time":"2026-04-22T04:36:01.563Z","service":"payment-gateway","pid":11812,"logger":"PaymentService","traceId":"4e753b56d3d2406a","txnId":"TXN-1776832561497-4782","customerId":"cust-004","amount":1000000,"method":"VA_MANDIRI","rc":"00","status":"SUCCESS","message":"Approved","bankLatencyMs":66,"cpuBurnMs":0,"totalLatencyMs":66,"msg":"payment approved"}
{"level":30,"time":"2026-04-22T04:36:02.655Z","service":"payment-gateway","pid":11812,"logger":"PaymentService","traceId":"cad0efe6851f3d3f","txnId":"TXN-1776832562524-4833","customerId":"cust-002","amount":100000,"method":"VA_MANDIRI","rc":"00","status":"SUCCESS","message":"Approved","bankLatencyMs":131,"cpuBurnMs":0,"totalLatencyMs":131,"msg":"payment approved"}
{"level":30,"time":"2026-04-22T04:36:03.732Z","service":"payment-gateway","pid":11812,"logger":"PaymentService","traceId":"519f84fd35537ed2","txnId":"TXN-1776832563579-4881","customerId":"cust-003","amount":250000,"method":"OVO","rc":"00","status":"SUCCESS","message":"Approved","bankLatencyMs":153,"cpuBurnMs":0,"totalLatencyMs":153,"msg":"payment approved"}
{"level":30,"time":"2026-04-22T04:36:04.856Z","service":"payment-gateway","pid":11812,"logger":"PaymentService","traceId":"5d638808c338a153","txnId":"TXN-1776832564731-4928","customerId":"cust-005","amount":10000,"method":"GOPAY","rc":"00","status":"SUCCESS","message":"Approved","bankLatencyMs":125,"cpuBurnMs":0,"totalLatencyMs":125,"msg":"payment approved"}

# === 40 BankConnector records (sampled) ===
{"level":30,"time":"2026-04-22T04:34:07.173Z","service":"payment-gateway","pid":11812,"logger":"BankConnector","txnId":"TXN-1776832447011-31","traceId":"8f98369179118454","method":"GOPAY","amount":50000,"rc":"00","message":"Approved","latencyMs":162,"upstream":"GOPAY","msg":"upstream authorize approved"}
{"level":40,"time":"2026-04-22T04:34:13.669Z","service":"payment-gateway","pid":11812,"logger":"BankConnector","txnId":"TXN-1776832453628-133","traceId":"313a493266838ce3","method":"QRIS","amount":50000,"rc":"61","message":"Daily Velocity Limit Exceeded","latencyMs":40,"upstream":"ASPI_QRIS_SWITCH","msg":"upstream authorize declined"}
{"level":30,"time":"2026-04-22T04:34:17.776Z","service":"payment-gateway","pid":11812,"logger":"BankConnector","txnId":"TXN-1776832457714-233","traceId":"2fb072e3bd5b2aa0","method":"OVO","amount":50000,"rc":"00","message":"Approved","latencyMs":61,"upstream":"OVO","msg":"upstream authorize approved"}
{"level":30,"time":"2026-04-22T04:34:20.919Z","service":"payment-gateway","pid":11812,"logger":"BankConnector","txnId":"TXN-1776832460875-334","traceId":"57e06d7f39ca28c6","method":"OVO","amount":1000000,"rc":"00","message":"Approved","latencyMs":44,"upstream":"OVO","msg":"upstream authorize approved"}
{"level":30,"time":"2026-04-22T04:34:24.099Z","service":"payment-gateway","pid":11812,"logger":"BankConnector","txnId":"TXN-1776832464014-432","traceId":"033b74b819843cce","method":"QRIS","amount":250000,"rc":"00","message":"Approved","latencyMs":84,"upstream":"ASPI_QRIS_SWITCH","msg":"upstream authorize approved"}
{"level":30,"time":"2026-04-22T04:34:26.684Z","service":"payment-gateway","pid":11812,"logger":"BankConnector","txnId":"TXN-1776832466568-532","traceId":"697d5dad370a3761","method":"QRIS","amount":250000,"rc":"00","message":"Approved","latencyMs":115,"upstream":"ASPI_QRIS_SWITCH","msg":"upstream authorize approved"}
{"level":30,"time":"2026-04-22T04:34:29.073Z","service":"payment-gateway","pid":11812,"logger":"BankConnector","txnId":"TXN-1776832468985-634","traceId":"41ce6494e4a2daeb","method":"VA_MANDIRI","amount":25000,"rc":"00","message":"Approved","latencyMs":88,"upstream":"BANK_MANDIRI","msg":"upstream authorize approved"}
{"level":30,"time":"2026-04-22T04:34:31.365Z","service":"payment-gateway","pid":11812,"logger":"BankConnector","txnId":"TXN-1776832471248-735","traceId":"d9cee4d5a3961464","method":"QRIS","amount":250000,"rc":"00","message":"Approved","latencyMs":117,"upstream":"ASPI_QRIS_SWITCH","msg":"upstream authorize approved"}
{"level":30,"time":"2026-04-22T04:34:33.547Z","service":"payment-gateway","pid":11812,"logger":"BankConnector","txnId":"TXN-1776832473439-832","traceId":"d271e96d7aaed5bb","method":"VA_BSI","amount":100000,"rc":"00","message":"Approved","latencyMs":109,"upstream":"BANK_BSI","msg":"upstream authorize approved"}
{"level":30,"time":"2026-04-22T04:34:35.567Z","service":"payment-gateway","pid":11812,"logger":"BankConnector","txnId":"TXN-1776832475501-937","traceId":"7be8f310a4733163","method":"OVO","amount":100000,"rc":"00","message":"Approved","latencyMs":66,"upstream":"OVO","msg":"upstream authorize approved"}
{"level":30,"time":"2026-04-22T04:34:37.849Z","service":"payment-gateway","pid":11812,"logger":"BankConnector","txnId":"TXN-1776832477734-1035","traceId":"fbf89d853f0bd7e8","method":"QRIS","amount":1000000,"rc":"00","message":"Approved","latencyMs":115,"upstream":"ASPI_QRIS_SWITCH","msg":"upstream authorize approved"}
{"level":30,"time":"2026-04-22T04:34:40.446Z","service":"payment-gateway","pid":11812,"logger":"BankConnector","txnId":"TXN-1776832480303-1134","traceId":"9f8db241f4d6d024","method":"OVO","amount":10000,"rc":"00","message":"Approved","latencyMs":143,"upstream":"OVO","msg":"upstream authorize approved"}
{"level":30,"time":"2026-04-22T04:34:42.530Z","service":"payment-gateway","pid":11812,"logger":"BankConnector","txnId":"TXN-1776832482430-1234","traceId":"ecc80e3258a83f7c","method":"VA_MANDIRI","amount":10000,"rc":"00","message":"Approved","latencyMs":100,"upstream":"BANK_MANDIRI","msg":"upstream authorize approved"}
{"level":30,"time":"2026-04-22T04:34:44.672Z","service":"payment-gateway","pid":11812,"logger":"BankConnector","txnId":"TXN-1776832484494-1328","traceId":"a88295f8d8509ccb","method":"VA_BSI","amount":1000000,"rc":"00","message":"Approved","latencyMs":178,"upstream":"BANK_BSI","msg":"upstream authorize approved"}
{"level":30,"time":"2026-04-22T04:34:46.712Z","service":"payment-gateway","pid":11812,"logger":"BankConnector","txnId":"TXN-1776832486537-1426","traceId":"c794e73ba3936c46","method":"GOPAY","amount":250000,"rc":"00","message":"Approved","latencyMs":175,"upstream":"GOPAY","msg":"upstream authorize approved"}
{"level":30,"time":"2026-04-22T04:34:48.875Z","service":"payment-gateway","pid":11812,"logger":"BankConnector","txnId":"TXN-1776832488793-1531","traceId":"b32fa2b8a3f18575","method":"GOPAY","amount":10000,"rc":"00","message":"Approved","latencyMs":82,"upstream":"GOPAY","msg":"upstream authorize approved"}
{"level":30,"time":"2026-04-22T04:34:51.035Z","service":"payment-gateway","pid":11812,"logger":"BankConnector","txnId":"TXN-1776832490959-1634","traceId":"e13d4fb1214ed43f","method":"CREDIT_CARD","amount":250000,"rc":"00","message":"Approved","latencyMs":76,"upstream":"VISA_MC_ACQUIRER","msg":"upstream authorize approved"}
{"level":50,"time":"2026-04-22T04:34:53.229Z","service":"payment-gateway","pid":11812,"logger":"BankConnector","txnId":"TXN-1776832493170-1735","traceId":"1dfee926d0ae2592","method":"QRIS","amount":100000,"rc":"05","message":"Do Not Honor (Suspected Fraud)","latencyMs":59,"upstream":"ASPI_QRIS_SWITCH","msg":"upstream authorize failed"}
{"level":30,"time":"2026-04-22T04:34:55.248Z","service":"payment-gateway","pid":11812,"logger":"BankConnector","txnId":"TXN-1776832495179-1835","traceId":"5ba76ca3a665824e","method":"VA_MANDIRI","amount":100000,"rc":"00","message":"Approved","latencyMs":69,"upstream":"BANK_MANDIRI","msg":"upstream authorize approved"}
{"level":30,"time":"2026-04-22T04:34:57.538Z","service":"payment-gateway","pid":11812,"logger":"BankConnector","txnId":"TXN-1776832497405-1935","traceId":"59a55734cc4af8cd","method":"VA_BSI","amount":25000,"rc":"00","message":"Approved","latencyMs":132,"upstream":"BANK_BSI","msg":"upstream authorize approved"}
{"level":30,"time":"2026-04-22T04:34:59.784Z","service":"payment-gateway","pid":11812,"logger":"BankConnector","txnId":"TXN-1776832499711-2037","traceId":"3712090da73713c9","method":"VA_BCA","amount":25000,"rc":"00","message":"Approved","latencyMs":73,"upstream":"BANK_BCA","msg":"upstream authorize approved"}
{"level":30,"time":"2026-04-22T04:35:01.864Z","service":"payment-gateway","pid":11812,"logger":"BankConnector","txnId":"TXN-1776832501684-2131","traceId":"2ef7dac3651bd135","method":"GOPAY","amount":250000,"rc":"00","message":"Approved","latencyMs":179,"upstream":"GOPAY","msg":"upstream authorize approved"}
{"level":30,"time":"2026-04-22T04:35:04.195Z","service":"payment-gateway","pid":11812,"logger":"BankConnector","txnId":"TXN-1776832504069-2233","traceId":"fad1fbb3b1b9c7c0","method":"VA_BCA","amount":500000,"rc":"00","message":"Approved","latencyMs":126,"upstream":"BANK_BCA","msg":"upstream authorize approved"}
{"level":30,"time":"2026-04-22T04:35:06.243Z","service":"payment-gateway","pid":11812,"logger":"BankConnector","txnId":"TXN-1776832506165-2334","traceId":"ef6776597a460992","method":"VA_BCA","amount":100000,"rc":"00","message":"Approved","latencyMs":78,"upstream":"BANK_BCA","msg":"upstream authorize approved"}
{"level":30,"time":"2026-04-22T04:35:08.625Z","service":"payment-gateway","pid":11812,"logger":"BankConnector","txnId":"TXN-1776832508519-2435","traceId":"5472f0b23aacf270","method":"GOPAY","amount":50000,"rc":"00","message":"Approved","latencyMs":105,"upstream":"GOPAY","msg":"upstream authorize approved"}
{"level":30,"time":"2026-04-22T04:35:10.976Z","service":"payment-gateway","pid":11812,"logger":"BankConnector","txnId":"TXN-1776832510848-2534","traceId":"7a63e7086a3ef929","method":"QRIS","amount":250000,"rc":"00","message":"Approved","latencyMs":127,"upstream":"ASPI_QRIS_SWITCH","msg":"upstream authorize approved"}
{"level":30,"time":"2026-04-22T04:35:13.184Z","service":"payment-gateway","pid":11812,"logger":"BankConnector","txnId":"TXN-1776832513115-2636","traceId":"8993042c7af0907b","method":"VA_BSI","amount":1000000,"rc":"00","message":"Approved","latencyMs":69,"upstream":"BANK_BSI","msg":"upstream authorize approved"}
{"level":30,"time":"2026-04-22T04:35:15.469Z","service":"payment-gateway","pid":11812,"logger":"BankConnector","txnId":"TXN-1776832515326-2732","traceId":"2de4afefa964047b","method":"GOPAY","amount":500000,"rc":"00","message":"Approved","latencyMs":143,"upstream":"GOPAY","msg":"upstream authorize approved"}
{"level":30,"time":"2026-04-22T04:35:18.020Z","service":"payment-gateway","pid":11812,"logger":"BankConnector","txnId":"TXN-1776832517862-2834","traceId":"9439c52f3455bfad","method":"VA_BCA","amount":50000,"rc":"00","message":"Approved","latencyMs":158,"upstream":"BANK_BCA","msg":"upstream authorize approved"}
{"level":30,"time":"2026-04-22T04:35:20.500Z","service":"payment-gateway","pid":11812,"logger":"BankConnector","txnId":"TXN-1776832520390-2935","traceId":"aec96f0a14ec5e6c","method":"CREDIT_CARD","amount":25000,"rc":"00","message":"Approved","latencyMs":109,"upstream":"VISA_MC_ACQUIRER","msg":"upstream authorize approved"}
{"level":30,"time":"2026-04-22T04:35:22.881Z","service":"payment-gateway","pid":11812,"logger":"BankConnector","txnId":"TXN-1776832522777-3034","traceId":"8dfbfb653c7934d2","method":"VA_BCA","amount":500000,"rc":"00","message":"Approved","latencyMs":103,"upstream":"BANK_BCA","msg":"upstream authorize approved"}
{"level":30,"time":"2026-04-22T04:35:24.816Z","service":"payment-gateway","pid":11812,"logger":"BankConnector","txnId":"TXN-1776832524726-3132","traceId":"339849e99cdae4c8","method":"VA_BSI","amount":500000,"rc":"00","message":"Approved","latencyMs":90,"upstream":"BANK_BSI","msg":"upstream authorize approved"}
{"level":30,"time":"2026-04-22T04:35:26.877Z","service":"payment-gateway","pid":11812,"logger":"BankConnector","txnId":"TXN-1776832526739-3228","traceId":"da2134e6f159bd77","method":"CREDIT_CARD","amount":10000,"rc":"00","message":"Approved","latencyMs":137,"upstream":"VISA_MC_ACQUIRER","msg":"upstream authorize approved"}
{"level":30,"time":"2026-04-22T04:35:29.085Z","service":"payment-gateway","pid":11812,"logger":"BankConnector","txnId":"TXN-1776832528979-3333","traceId":"c92e85a7da706d3c","method":"QRIS","amount":500000,"rc":"00","message":"Approved","latencyMs":106,"upstream":"ASPI_QRIS_SWITCH","msg":"upstream authorize approved"}
{"level":30,"time":"2026-04-22T04:35:31.112Z","service":"payment-gateway","pid":11812,"logger":"BankConnector","txnId":"TXN-1776832530981-3431","traceId":"405fd80e0b5823d4","method":"GOPAY","amount":100000,"rc":"00","message":"Approved","latencyMs":131,"upstream":"GOPAY","msg":"upstream authorize approved"}
{"level":40,"time":"2026-04-22T04:35:33.100Z","service":"payment-gateway","pid":11812,"logger":"BankConnector","txnId":"TXN-1776832533023-3534","traceId":"8e1b272d2859b443","method":"VA_BCA","amount":250000,"rc":"51","message":"Insufficient Funds","latencyMs":77,"upstream":"BANK_BCA","msg":"upstream authorize declined"}
{"level":40,"time":"2026-04-22T04:35:35.481Z","service":"payment-gateway","pid":11812,"logger":"BankConnector","txnId":"TXN-1776832535327-3634","traceId":"f4c1a5dac82ee77b","method":"QRIS","amount":500000,"rc":"55","message":"Invalid PIN / OTP","latencyMs":153,"upstream":"ASPI_QRIS_SWITCH","msg":"upstream authorize declined"}
{"level":30,"time":"2026-04-22T04:35:37.678Z","service":"payment-gateway","pid":11812,"logger":"BankConnector","txnId":"TXN-1776832537638-3737","traceId":"98927fd9225ef366","method":"GOPAY","amount":1000000,"rc":"00","message":"Approved","latencyMs":41,"upstream":"GOPAY","msg":"upstream authorize approved"}
{"level":30,"time":"2026-04-22T04:35:39.926Z","service":"payment-gateway","pid":11812,"logger":"BankConnector","txnId":"TXN-1776832539843-3836","traceId":"003002a71732f7d5","method":"VA_MANDIRI","amount":10000,"rc":"00","message":"Approved","latencyMs":83,"upstream":"BANK_MANDIRI","msg":"upstream authorize approved"}
{"level":30,"time":"2026-04-22T04:35:42.021Z","service":"payment-gateway","pid":11812,"logger":"BankConnector","txnId":"TXN-1776832541970-3934","traceId":"88261092567a46bb","method":"QRIS","amount":250000,"rc":"00","message":"Approved","latencyMs":50,"upstream":"ASPI_QRIS_SWITCH","msg":"upstream authorize approved"}

# === 30 HttpAccess records (response time samples) ===
{"level":30,"time":"2026-04-22T04:34:17.618Z","service":"payment-gateway","pid":11812,"logger":"HttpAccess","req":{"method":"POST","url":"/api/payment","remoteAddress":"127.0.0.1"},"res":{"statusCode":200},"responseTime":49,"msg":"request completed"}
{"level":30,"time":"2026-04-22T04:34:26.631Z","service":"payment-gateway","pid":11812,"logger":"HttpAccess","req":{"method":"POST","url":"/api/payment","remoteAddress":"127.0.0.1"},"res":{"statusCode":200},"responseTime":92,"msg":"request completed"}
{"level":30,"time":"2026-04-22T04:34:33.486Z","service":"payment-gateway","pid":11812,"logger":"HttpAccess","req":{"method":"POST","url":"/api/payment","remoteAddress":"127.0.0.1"},"res":{"statusCode":200},"responseTime":48,"msg":"request completed"}
{"level":40,"time":"2026-04-22T04:34:40.356Z","service":"payment-gateway","pid":11812,"logger":"HttpAccess","req":{"method":"POST","url":"/api/payment","remoteAddress":"127.0.0.1"},"res":{"statusCode":402},"responseTime":53,"msg":"request completed"}
{"level":30,"time":"2026-04-22T04:34:46.640Z","service":"payment-gateway","pid":11812,"logger":"HttpAccess","req":{"method":"POST","url":"/api/payment","remoteAddress":"127.0.0.1"},"res":{"statusCode":200},"responseTime":97,"msg":"request completed"}
{"level":30,"time":"2026-04-22T04:34:53.178Z","service":"payment-gateway","pid":11812,"logger":"HttpAccess","req":{"method":"POST","url":"/api/payment","remoteAddress":"127.0.0.1"},"res":{"statusCode":200},"responseTime":127,"msg":"request completed"}
{"level":30,"time":"2026-04-22T04:34:59.647Z","service":"payment-gateway","pid":11812,"logger":"HttpAccess","req":{"method":"POST","url":"/api/payment","remoteAddress":"127.0.0.1"},"res":{"statusCode":200},"responseTime":86,"msg":"request completed"}
{"level":30,"time":"2026-04-22T04:35:06.175Z","service":"payment-gateway","pid":11812,"logger":"HttpAccess","req":{"method":"POST","url":"/api/payment","remoteAddress":"127.0.0.1"},"res":{"statusCode":200},"responseTime":166,"msg":"request completed"}
{"level":30,"time":"2026-04-22T04:35:13.091Z","service":"payment-gateway","pid":11812,"logger":"HttpAccess","req":{"method":"POST","url":"/api/payment","remoteAddress":"127.0.0.1"},"res":{"statusCode":200},"responseTime":101,"msg":"request completed"}
{"level":30,"time":"2026-04-22T04:35:20.379Z","service":"payment-gateway","pid":11812,"logger":"HttpAccess","req":{"method":"POST","url":"/api/payment","remoteAddress":"127.0.0.1"},"res":{"statusCode":200},"responseTime":51,"msg":"request completed"}
{"level":30,"time":"2026-04-22T04:35:26.818Z","service":"payment-gateway","pid":11812,"logger":"HttpAccess","req":{"method":"POST","url":"/api/payment","remoteAddress":"127.0.0.1"},"res":{"statusCode":200},"responseTime":51,"msg":"request completed"}
{"level":30,"time":"2026-04-22T04:35:33.070Z","service":"payment-gateway","pid":11812,"logger":"HttpAccess","req":{"method":"POST","url":"/api/payment","remoteAddress":"127.0.0.1"},"res":{"statusCode":200},"responseTime":124,"msg":"request completed"}
{"level":30,"time":"2026-04-22T04:35:39.846Z","service":"payment-gateway","pid":11812,"logger":"HttpAccess","req":{"method":"POST","url":"/api/payment","remoteAddress":"127.0.0.1"},"res":{"statusCode":200},"responseTime":89,"msg":"request completed"}
{"level":30,"time":"2026-04-22T04:35:46.162Z","service":"payment-gateway","pid":11812,"logger":"HttpAccess","req":{"method":"POST","url":"/api/payment","remoteAddress":"127.0.0.1"},"res":{"statusCode":200},"responseTime":40,"msg":"request completed"}
{"level":30,"time":"2026-04-22T04:35:52.988Z","service":"payment-gateway","pid":11812,"logger":"HttpAccess","req":{"method":"POST","url":"/api/payment","remoteAddress":"127.0.0.1"},"res":{"statusCode":200},"responseTime":47,"msg":"request completed"}
{"level":30,"time":"2026-04-22T04:36:00.435Z","service":"payment-gateway","pid":11812,"logger":"HttpAccess","req":{"method":"POST","url":"/api/payment","remoteAddress":"127.0.0.1"},"res":{"statusCode":200},"responseTime":143,"msg":"request completed"}
{"level":30,"time":"2026-04-22T04:36:07.199Z","service":"payment-gateway","pid":11812,"logger":"HttpAccess","req":{"method":"POST","url":"/api/payment","remoteAddress":"127.0.0.1"},"res":{"statusCode":200},"responseTime":58,"msg":"request completed"}
{"level":40,"time":"2026-04-22T04:36:13.436Z","service":"payment-gateway","pid":11812,"logger":"HttpAccess","req":{"method":"POST","url":"/api/payment","remoteAddress":"127.0.0.1"},"res":{"statusCode":401},"responseTime":92,"msg":"request completed"}
{"level":30,"time":"2026-04-22T04:36:19.627Z","service":"payment-gateway","pid":11812,"logger":"HttpAccess","req":{"method":"POST","url":"/api/payment","remoteAddress":"127.0.0.1"},"res":{"statusCode":200},"responseTime":148,"msg":"request completed"}
{"level":30,"time":"2026-04-22T04:36:25.999Z","service":"payment-gateway","pid":11812,"logger":"HttpAccess","req":{"method":"POST","url":"/api/payment","remoteAddress":"127.0.0.1"},"res":{"statusCode":200},"responseTime":112,"msg":"request completed"}
{"level":30,"time":"2026-04-22T04:36:31.931Z","service":"payment-gateway","pid":11812,"logger":"HttpAccess","req":{"method":"POST","url":"/api/payment","remoteAddress":"127.0.0.1"},"res":{"statusCode":200},"responseTime":59,"msg":"request completed"}
{"level":30,"time":"2026-04-22T04:36:39.914Z","service":"payment-gateway","pid":11812,"logger":"HttpAccess","req":{"method":"POST","url":"/api/payment","remoteAddress":"127.0.0.1"},"res":{"statusCode":200},"responseTime":98,"msg":"request completed"}
{"level":30,"time":"2026-04-22T04:36:47.200Z","service":"payment-gateway","pid":11812,"logger":"HttpAccess","req":{"method":"POST","url":"/api/payment","remoteAddress":"127.0.0.1"},"res":{"statusCode":200},"responseTime":127,"msg":"request completed"}
{"level":30,"time":"2026-04-22T04:36:53.890Z","service":"payment-gateway","pid":11812,"logger":"HttpAccess","req":{"method":"POST","url":"/api/payment","remoteAddress":"127.0.0.1"},"res":{"statusCode":200},"responseTime":42,"msg":"request completed"}
{"level":30,"time":"2026-04-22T04:37:01.113Z","service":"payment-gateway","pid":11812,"logger":"HttpAccess","req":{"method":"POST","url":"/api/payment","remoteAddress":"127.0.0.1"},"res":{"statusCode":200},"responseTime":170,"msg":"request completed"}
{"level":30,"time":"2026-04-22T04:37:07.560Z","service":"payment-gateway","pid":11812,"logger":"HttpAccess","req":{"method":"POST","url":"/api/payment","remoteAddress":"127.0.0.1"},"res":{"statusCode":200},"responseTime":76,"msg":"request completed"}
{"level":30,"time":"2026-04-22T04:37:15.493Z","service":"payment-gateway","pid":11812,"logger":"HttpAccess","req":{"method":"POST","url":"/api/payment","remoteAddress":"127.0.0.1"},"res":{"statusCode":200},"responseTime":85,"msg":"request completed"}
{"level":30,"time":"2026-04-22T04:37:22.412Z","service":"payment-gateway","pid":11812,"logger":"HttpAccess","req":{"method":"POST","url":"/api/payment","remoteAddress":"127.0.0.1"},"res":{"statusCode":200},"responseTime":77,"msg":"request completed"}
{"level":30,"time":"2026-04-22T04:37:28.958Z","service":"payment-gateway","pid":11812,"logger":"HttpAccess","req":{"method":"POST","url":"/api/payment","remoteAddress":"127.0.0.1"},"res":{"statusCode":200},"responseTime":56,"msg":"request completed"}
{"level":30,"time":"2026-04-22T04:37:35.939Z","service":"payment-gateway","pid":11812,"logger":"HttpAccess","req":{"method":"POST","url":"/api/payment","remoteAddress":"127.0.0.1"},"res":{"statusCode":200},"responseTime":64,"msg":"request completed"}

# === 10 records per RC (error distribution, for jq exercises) ===
{"level":30,"time":"2026-04-21T06:28:49.179Z","service":"payment-gateway","pid":136707,"logger":"PaymentService","traceId":"b172356530941b08","txnId":"TXN-1776752929080-2","amount":50000,"method":"QRIS","rc":"00","status":"SUCCESS","message":"Approved","bankLatencyMs":98,"totalLatencyMs":99,"msg":"payment approved"}
{"level":30,"time":"2026-04-21T06:29:10.410Z","service":"payment-gateway","pid":136707,"logger":"PaymentService","traceId":"b42436b62dea8fb0","txnId":"TXN-1776752950289-3","amount":50000,"method":"QRIS","rc":"00","status":"SUCCESS","message":"Approved","bankLatencyMs":119,"totalLatencyMs":121,"msg":"payment approved"}
{"level":30,"time":"2026-04-21T06:29:12.476Z","service":"payment-gateway","pid":136707,"logger":"PaymentService","traceId":"bea5721a4d5d496d","txnId":"TXN-1776752952380-4","amount":50000,"method":"QRIS","rc":"00","status":"SUCCESS","message":"Approved","bankLatencyMs":94,"totalLatencyMs":96,"msg":"payment approved"}
{"level":30,"time":"2026-04-21T06:29:13.914Z","service":"payment-gateway","pid":136707,"logger":"PaymentService","traceId":"dd05e19cc9bedd04","txnId":"TXN-1776752953798-5","amount":50000,"method":"QRIS","rc":"00","status":"SUCCESS","message":"Approved","bankLatencyMs":116,"totalLatencyMs":116,"msg":"payment approved"}
{"level":30,"time":"2026-04-21T06:32:37.455Z","service":"payment-gateway","pid":136707,"logger":"PaymentService","traceId":"3178da131a75ce86","txnId":"TXN-1776753157358-7","customerId":"cust-001","amount":50000,"method":"QRIS","rc":"00","status":"SUCCESS","message":"Approved","bankLatencyMs":95,"totalLatencyMs":96,"msg":"payment approved"}
{"level":30,"time":"2026-04-21T06:32:51.607Z","service":"payment-gateway","pid":136707,"logger":"PaymentService","traceId":"7d1017156504c833","txnId":"TXN-1776753171481-9","customerId":"cust-001","amount":50000,"method":"QRIS","rc":"00","status":"SUCCESS","message":"Approved","bankLatencyMs":124,"totalLatencyMs":126,"msg":"payment approved"}
{"level":30,"time":"2026-04-21T06:32:52.502Z","service":"payment-gateway","pid":136707,"logger":"PaymentService","traceId":"cdbdabae4b40d8da","txnId":"TXN-1776753172338-10","customerId":"cust-001","amount":50000,"method":"QRIS","rc":"00","status":"SUCCESS","message":"Approved","bankLatencyMs":163,"totalLatencyMs":164,"msg":"payment approved"}
{"level":30,"time":"2026-04-21T06:32:53.209Z","service":"payment-gateway","pid":136707,"logger":"PaymentService","traceId":"b4e429db5c5a816f","txnId":"TXN-1776753173116-11","customerId":"cust-001","amount":50000,"method":"QRIS","rc":"00","status":"SUCCESS","message":"Approved","bankLatencyMs":92,"totalLatencyMs":93,"msg":"payment approved"}
{"level":30,"time":"2026-04-21T06:32:53.922Z","service":"payment-gateway","pid":136707,"logger":"PaymentService","traceId":"e622e219c137f30d","txnId":"TXN-1776753173806-12","customerId":"cust-001","amount":50000,"method":"QRIS","rc":"00","status":"SUCCESS","message":"Approved","bankLatencyMs":116,"totalLatencyMs":116,"msg":"payment approved"}
{"level":30,"time":"2026-04-21T06:32:54.687Z","service":"payment-gateway","pid":136707,"logger":"PaymentService","traceId":"55747c84a9e5944e","txnId":"TXN-1776753174537-13","customerId":"cust-001","amount":50000,"method":"QRIS","rc":"00","status":"SUCCESS","message":"Approved","bankLatencyMs":149,"totalLatencyMs":150,"msg":"payment approved"}
{"level":40,"time":"2026-04-22T04:34:09.179Z","service":"payment-gateway","pid":11812,"logger":"PaymentService","traceId":"8d11fc349cbf114e","txnId":"TXN-1776832449101-59","customerId":"cust-001","amount":250000,"method":"CREDIT_CARD","rc":"51","status":"FAILED","message":"Insufficient Funds","bankLatencyMs":78,"cpuBurnMs":0,"totalLatencyMs":78,"msg":"payment declined"}
{"level":40,"time":"2026-04-22T04:34:16.595Z","service":"payment-gateway","pid":11812,"logger":"PaymentService","traceId":"56e3534be7ee500b","txnId":"TXN-1776832456459-197","customerId":"cust-003","amount":50000,"method":"VA_BCA","rc":"51","status":"FAILED","message":"Insufficient Funds","bankLatencyMs":136,"cpuBurnMs":0,"totalLatencyMs":136,"msg":"payment declined"}
{"level":40,"time":"2026-04-22T04:34:18.559Z","service":"payment-gateway","pid":11812,"logger":"PaymentService","traceId":"1380c653b59d8d5e","txnId":"TXN-1776832458416-249","customerId":"cust-005","amount":500000,"method":"VA_BCA","rc":"51","status":"FAILED","message":"Insufficient Funds","bankLatencyMs":143,"cpuBurnMs":0,"totalLatencyMs":143,"msg":"payment declined"}
{"level":40,"time":"2026-04-22T04:34:19.276Z","service":"payment-gateway","pid":11812,"logger":"PaymentService","traceId":"7d117e6ae13d547b","txnId":"TXN-1776832459213-276","customerId":"cust-001","amount":1000000,"method":"VA_BCA","rc":"51","status":"FAILED","message":"Insufficient Funds","bankLatencyMs":63,"cpuBurnMs":0,"totalLatencyMs":63,"msg":"payment declined"}
{"level":40,"time":"2026-04-22T04:34:20.374Z","service":"payment-gateway","pid":11812,"logger":"PaymentService","traceId":"b47676cdc84e957e","txnId":"TXN-1776832460216-312","customerId":"cust-004","amount":25000,"method":"VA_MANDIRI","rc":"51","status":"FAILED","message":"Insufficient Funds","bankLatencyMs":158,"cpuBurnMs":0,"totalLatencyMs":158,"msg":"payment declined"}
{"level":40,"time":"2026-04-22T04:34:20.582Z","service":"payment-gateway","pid":11812,"logger":"PaymentService","traceId":"0ec61388a1cb9813","txnId":"TXN-1776832460403-317","customerId":"cust-003","amount":100000,"method":"VA_BCA","rc":"51","status":"FAILED","message":"Insufficient Funds","bankLatencyMs":178,"cpuBurnMs":0,"totalLatencyMs":179,"msg":"payment declined"}
{"level":40,"time":"2026-04-22T04:34:20.734Z","service":"payment-gateway","pid":11812,"logger":"PaymentService","traceId":"aebae8a1a099cc52","txnId":"TXN-1776832460589-326","customerId":"cust-005","amount":25000,"method":"VA_BCA","rc":"51","status":"FAILED","message":"Insufficient Funds","bankLatencyMs":145,"cpuBurnMs":0,"totalLatencyMs":145,"msg":"payment declined"}
{"level":40,"time":"2026-04-22T04:34:20.965Z","service":"payment-gateway","pid":11812,"logger":"PaymentService","traceId":"8460b444ba06df9a","txnId":"TXN-1776832460790-331","customerId":"cust-002","amount":100000,"method":"QRIS","rc":"51","status":"FAILED","message":"Insufficient Funds","bankLatencyMs":175,"cpuBurnMs":0,"totalLatencyMs":175,"msg":"payment declined"}
{"level":40,"time":"2026-04-22T04:34:20.989Z","service":"payment-gateway","pid":11812,"logger":"PaymentService","traceId":"e7a2f496c3321a35","txnId":"TXN-1776832460930-335","customerId":"cust-004","amount":250000,"method":"GOPAY","rc":"51","status":"FAILED","message":"Insufficient Funds","bankLatencyMs":59,"cpuBurnMs":0,"totalLatencyMs":59,"msg":"payment declined"}
{"level":40,"time":"2026-04-22T04:34:21.092Z","service":"payment-gateway","pid":11812,"logger":"PaymentService","traceId":"503337b32fcd4b66","txnId":"TXN-1776832460932-338","customerId":"cust-002","amount":25000,"method":"VA_BCA","rc":"51","status":"FAILED","message":"Insufficient Funds","bankLatencyMs":160,"cpuBurnMs":0,"totalLatencyMs":160,"msg":"payment declined"}
{"level":40,"time":"2026-04-21T06:32:56.030Z","service":"payment-gateway","pid":136707,"logger":"PaymentService","traceId":"82488dac914e1a89","txnId":"TXN-1776753175874-15","customerId":"cust-001","amount":50000,"method":"QRIS","rc":"55","status":"FAILED","message":"Invalid PIN / OTP","bankLatencyMs":155,"totalLatencyMs":156,"msg":"payment declined"}
{"level":40,"time":"2026-04-21T06:34:21.386Z","service":"payment-gateway","pid":136707,"logger":"PaymentService","traceId":"d75d238f3e84c6a3","txnId":"TXN-1776753261335-68","customerId":"cust-001","amount":50000,"method":"QRIS","rc":"55","status":"FAILED","message":"Invalid PIN / OTP","bankLatencyMs":50,"totalLatencyMs":51,"msg":"payment declined"}
{"level":40,"time":"2026-04-22T04:34:07.380Z","service":"payment-gateway","pid":11812,"logger":"PaymentService","traceId":"297c5d7601c984f5","txnId":"TXN-1776832447276-35","customerId":"cust-004","amount":100000,"method":"VA_BSI","rc":"55","status":"FAILED","message":"Invalid PIN / OTP","bankLatencyMs":103,"cpuBurnMs":0,"totalLatencyMs":104,"msg":"payment declined"}
{"level":40,"time":"2026-04-22T04:34:14.051Z","service":"payment-gateway","pid":11812,"logger":"PaymentService","traceId":"20f95a623cc531a8","txnId":"TXN-1776832453914-139","customerId":"cust-003","amount":250000,"method":"VA_BCA","rc":"55","status":"FAILED","message":"Invalid PIN / OTP","bankLatencyMs":136,"cpuBurnMs":0,"totalLatencyMs":137,"msg":"payment declined"}
{"level":40,"time":"2026-04-22T04:34:14.550Z","service":"payment-gateway","pid":11812,"logger":"PaymentService","traceId":"39836b2c027c4b00","txnId":"TXN-1776832454397-148","customerId":"cust-002","amount":10000,"method":"OVO","rc":"55","status":"FAILED","message":"Invalid PIN / OTP","bankLatencyMs":152,"cpuBurnMs":0,"totalLatencyMs":153,"msg":"payment declined"}
{"level":40,"time":"2026-04-22T04:34:19.487Z","service":"payment-gateway","pid":11812,"logger":"PaymentService","traceId":"7e70e0f0e40e9c1f","txnId":"TXN-1776832459426-286","customerId":"cust-001","amount":100000,"method":"VA_BSI","rc":"55","status":"FAILED","message":"Invalid PIN / OTP","bankLatencyMs":60,"cpuBurnMs":0,"totalLatencyMs":61,"msg":"payment declined"}
{"level":40,"time":"2026-04-22T04:34:19.980Z","service":"payment-gateway","pid":11812,"logger":"PaymentService","traceId":"2202dadfe49edb0e","txnId":"TXN-1776832459862-301","customerId":"cust-003","amount":10000,"method":"OVO","rc":"55","status":"FAILED","message":"Invalid PIN / OTP","bankLatencyMs":117,"cpuBurnMs":0,"totalLatencyMs":118,"msg":"payment declined"}
{"level":40,"time":"2026-04-22T04:34:22.345Z","service":"payment-gateway","pid":11812,"logger":"PaymentService","traceId":"d0823bc0c461d510","txnId":"TXN-1776832462207-381","customerId":"cust-003","amount":500000,"method":"OVO","rc":"55","status":"FAILED","message":"Invalid PIN / OTP","bankLatencyMs":138,"cpuBurnMs":0,"totalLatencyMs":138,"msg":"payment declined"}
{"level":40,"time":"2026-04-22T04:34:26.996Z","service":"payment-gateway","pid":11812,"logger":"PaymentService","traceId":"29f75e7d70409862","txnId":"TXN-1776832466851-544","customerId":"cust-003","amount":250000,"method":"CREDIT_CARD","rc":"55","status":"FAILED","message":"Invalid PIN / OTP","bankLatencyMs":145,"cpuBurnMs":0,"totalLatencyMs":145,"msg":"payment declined"}
{"level":40,"time":"2026-04-22T04:34:30.248Z","service":"payment-gateway","pid":11812,"logger":"PaymentService","traceId":"4956f6ee57cc02d5","txnId":"TXN-1776832470107-686","customerId":"cust-005","amount":1000000,"method":"OVO","rc":"55","status":"FAILED","message":"Invalid PIN / OTP","bankLatencyMs":141,"cpuBurnMs":0,"totalLatencyMs":141,"msg":"payment declined"}
{"level":40,"time":"2026-04-21T06:29:14.996Z","service":"payment-gateway","pid":136707,"logger":"PaymentService","traceId":"a24641d5b9fd07b1","txnId":"TXN-1776752954923-6","amount":50000,"method":"QRIS","rc":"61","status":"FAILED","message":"Daily Velocity Limit Exceeded","bankLatencyMs":72,"totalLatencyMs":73,"msg":"payment declined"}
{"level":40,"time":"2026-04-21T06:33:07.299Z","service":"payment-gateway","pid":136707,"logger":"PaymentService","traceId":"1d6e99e346637417","txnId":"TXN-1776753187247-26","customerId":"cust-001","amount":50000,"method":"QRIS","rc":"61","status":"FAILED","message":"Daily Velocity Limit Exceeded","bankLatencyMs":51,"totalLatencyMs":52,"msg":"payment declined"}
{"level":40,"time":"2026-04-22T04:34:07.396Z","service":"payment-gateway","pid":11812,"logger":"PaymentService","traceId":"2dddbb6cd0b5d0d3","txnId":"TXN-1776832447270-34","customerId":"cust-002","amount":1000000,"method":"VA_BCA","rc":"61","status":"FAILED","message":"Daily Velocity Limit Exceeded","bankLatencyMs":126,"cpuBurnMs":0,"totalLatencyMs":126,"msg":"payment declined"}
{"level":40,"time":"2026-04-22T04:34:10.621Z","service":"payment-gateway","pid":11812,"logger":"PaymentService","traceId":"1d67bdb4f27a4362","txnId":"TXN-1776832450454-75","customerId":"cust-002","amount":25000,"method":"GOPAY","rc":"61","status":"FAILED","message":"Daily Velocity Limit Exceeded","bankLatencyMs":167,"cpuBurnMs":0,"totalLatencyMs":167,"msg":"payment declined"}
{"level":40,"time":"2026-04-22T04:34:13.117Z","service":"payment-gateway","pid":11812,"logger":"PaymentService","traceId":"ccc62c0e7a82bccc","txnId":"TXN-1776832452996-120","customerId":"cust-003","amount":500000,"method":"QRIS","rc":"61","status":"FAILED","message":"Daily Velocity Limit Exceeded","bankLatencyMs":120,"cpuBurnMs":0,"totalLatencyMs":121,"msg":"payment declined"}
{"level":40,"time":"2026-04-22T04:34:13.669Z","service":"payment-gateway","pid":11812,"logger":"PaymentService","traceId":"313a493266838ce3","txnId":"TXN-1776832453628-133","customerId":"cust-002","amount":50000,"method":"QRIS","rc":"61","status":"FAILED","message":"Daily Velocity Limit Exceeded","bankLatencyMs":40,"cpuBurnMs":0,"totalLatencyMs":41,"msg":"payment declined"}
{"level":40,"time":"2026-04-22T04:34:14.092Z","service":"payment-gateway","pid":11812,"logger":"PaymentService","traceId":"06a4f19238aca4cf","txnId":"TXN-1776832454020-142","customerId":"cust-002","amount":25000,"method":"CREDIT_CARD","rc":"61","status":"FAILED","message":"Daily Velocity Limit Exceeded","bankLatencyMs":73,"cpuBurnMs":0,"totalLatencyMs":72,"msg":"payment declined"}
{"level":40,"time":"2026-04-22T04:34:14.673Z","service":"payment-gateway","pid":11812,"logger":"PaymentService","traceId":"2ba91cc8b72a6b09","txnId":"TXN-1776832454522-152","customerId":"cust-003","amount":1000000,"method":"VA_MANDIRI","rc":"61","status":"FAILED","message":"Daily Velocity Limit Exceeded","bankLatencyMs":151,"cpuBurnMs":0,"totalLatencyMs":151,"msg":"payment declined"}
{"level":40,"time":"2026-04-22T04:34:17.444Z","service":"payment-gateway","pid":11812,"logger":"PaymentService","traceId":"9eaf362a4cc6b23a","txnId":"TXN-1776832457400-222","customerId":"cust-001","amount":500000,"method":"GOPAY","rc":"61","status":"FAILED","message":"Daily Velocity Limit Exceeded","bankLatencyMs":44,"cpuBurnMs":0,"totalLatencyMs":44,"msg":"payment declined"}
{"level":40,"time":"2026-04-22T04:34:19.739Z","service":"payment-gateway","pid":11812,"logger":"PaymentService","traceId":"9a714bc21a377440","txnId":"TXN-1776832459692-294","customerId":"cust-002","amount":100000,"method":"QRIS","rc":"61","status":"FAILED","message":"Daily Velocity Limit Exceeded","bankLatencyMs":46,"cpuBurnMs":0,"totalLatencyMs":46,"msg":"payment declined"}
{"level":50,"time":"2026-04-21T06:33:20.822Z","service":"payment-gateway","pid":136707,"logger":"PaymentService","traceId":"74d4f47f4384dd83","txnId":"TXN-1776753193238-33","customerId":"cust-001","amount":50000,"method":"QRIS","rc":"68","status":"FAILED","message":"Upstream Bank Timeout","bankLatencyMs":7576,"totalLatencyMs":7584,"msg":"payment failed"}
{"level":50,"time":"2026-04-22T04:34:24.041Z","service":"payment-gateway","pid":11812,"logger":"PaymentService","traceId":"7076ae1f672a38dc","txnId":"TXN-1776832460284-314","customerId":"cust-002","amount":50000,"method":"CREDIT_CARD","rc":"68","status":"FAILED","message":"Upstream Bank Timeout","bankLatencyMs":3756,"cpuBurnMs":0,"totalLatencyMs":3757,"msg":"payment failed"}
{"level":50,"time":"2026-04-22T04:34:25.779Z","service":"payment-gateway","pid":11812,"logger":"PaymentService","traceId":"381c9f601aab4a5b","txnId":"TXN-1776832462441-388","customerId":"cust-002","amount":50000,"method":"GOPAY","rc":"68","status":"FAILED","message":"Upstream Bank Timeout","bankLatencyMs":3338,"cpuBurnMs":0,"totalLatencyMs":3338,"msg":"payment failed"}
{"level":50,"time":"2026-04-22T04:34:29.017Z","service":"payment-gateway","pid":11812,"logger":"PaymentService","traceId":"5b6f997ae0852f13","txnId":"TXN-1776832465712-495","customerId":"cust-003","amount":500000,"method":"CREDIT_CARD","rc":"68","status":"FAILED","message":"Upstream Bank Timeout","bankLatencyMs":3304,"cpuBurnMs":0,"totalLatencyMs":3305,"msg":"payment failed"}
{"level":50,"time":"2026-04-22T04:34:32.008Z","service":"payment-gateway","pid":11812,"logger":"PaymentService","traceId":"03dbeebb1e2080e2","txnId":"TXN-1776832467953-591","customerId":"cust-002","amount":50000,"method":"QRIS","rc":"68","status":"FAILED","message":"Upstream Bank Timeout","bankLatencyMs":4055,"cpuBurnMs":0,"totalLatencyMs":4054,"msg":"payment failed"}
{"level":50,"time":"2026-04-22T04:34:33.669Z","service":"payment-gateway","pid":11812,"logger":"PaymentService","traceId":"a7c98e3beffbbe01","txnId":"TXN-1776832467736-584","customerId":"cust-001","amount":1000000,"method":"QRIS","rc":"68","status":"FAILED","message":"Upstream Bank Timeout","bankLatencyMs":5932,"cpuBurnMs":0,"totalLatencyMs":5933,"msg":"payment failed"}
{"level":50,"time":"2026-04-22T04:34:36.948Z","service":"payment-gateway","pid":11812,"logger":"PaymentService","traceId":"10f1e21bedac39fe","txnId":"TXN-1776832471658-750","customerId":"cust-001","amount":10000,"method":"QRIS","rc":"68","status":"FAILED","message":"Upstream Bank Timeout","bankLatencyMs":5289,"cpuBurnMs":0,"totalLatencyMs":5290,"msg":"payment failed"}
{"level":50,"time":"2026-04-22T04:34:40.368Z","service":"payment-gateway","pid":11812,"logger":"PaymentService","traceId":"9cf768c9c991f206","txnId":"TXN-1776832475097-916","customerId":"cust-002","amount":25000,"method":"VA_MANDIRI","rc":"68","status":"FAILED","message":"Upstream Bank Timeout","bankLatencyMs":5272,"cpuBurnMs":0,"totalLatencyMs":5271,"msg":"payment failed"}
{"level":50,"time":"2026-04-22T04:34:40.504Z","service":"payment-gateway","pid":11812,"logger":"PaymentService","traceId":"e28095ff36b5d8b8","txnId":"TXN-1776832475357-930","customerId":"cust-004","amount":250000,"method":"VA_MANDIRI","rc":"68","status":"FAILED","message":"Upstream Bank Timeout","bankLatencyMs":5147,"cpuBurnMs":0,"totalLatencyMs":5147,"msg":"payment failed"}
{"level":50,"time":"2026-04-22T04:34:41.476Z","service":"payment-gateway","pid":11812,"logger":"PaymentService","traceId":"3e020343693a8d52","txnId":"TXN-1776832478090-1049","customerId":"cust-005","amount":10000,"method":"VA_BSI","rc":"68","status":"FAILED","message":"Upstream Bank Timeout","bankLatencyMs":3386,"cpuBurnMs":0,"totalLatencyMs":3386,"msg":"payment failed"}
{"level":50,"time":"2026-04-22T04:34:11.510Z","service":"payment-gateway","pid":11812,"logger":"PaymentService","traceId":"692dade09c6731c0","txnId":"TXN-1776832451406-90","customerId":"cust-004","amount":1000000,"method":"OVO","rc":"96","status":"FAILED","message":"System Malfunction ISO-8583","bankLatencyMs":104,"cpuBurnMs":0,"totalLatencyMs":104,"msg":"payment failed"}
{"level":50,"time":"2026-04-22T04:34:29.250Z","service":"payment-gateway","pid":11812,"logger":"PaymentService","traceId":"3893e8a1cd6b7313","txnId":"TXN-1776832469187-641","customerId":"cust-001","amount":100000,"method":"QRIS","rc":"96","status":"FAILED","message":"System Malfunction ISO-8583","bankLatencyMs":62,"cpuBurnMs":0,"totalLatencyMs":62,"msg":"payment failed"}
{"level":50,"time":"2026-04-22T04:34:31.303Z","service":"payment-gateway","pid":11812,"logger":"PaymentService","traceId":"e70bf261b0199241","txnId":"TXN-1776832471189-731","customerId":"cust-001","amount":1000000,"method":"VA_BCA","rc":"96","status":"FAILED","message":"System Malfunction ISO-8583","bankLatencyMs":114,"cpuBurnMs":0,"totalLatencyMs":113,"msg":"payment failed"}
{"level":50,"time":"2026-04-22T04:34:34.288Z","service":"payment-gateway","pid":11812,"logger":"PaymentService","traceId":"fd0001e90e072be9","txnId":"TXN-1776832474169-873","customerId":"cust-001","amount":1000000,"method":"VA_MANDIRI","rc":"96","status":"FAILED","message":"System Malfunction ISO-8583","bankLatencyMs":119,"cpuBurnMs":0,"totalLatencyMs":119,"msg":"payment failed"}
{"level":50,"time":"2026-04-22T04:34:37.864Z","service":"payment-gateway","pid":11812,"logger":"PaymentService","traceId":"836c2a9fc06a994d","txnId":"TXN-1776832477756-1037","customerId":"cust-003","amount":250000,"method":"VA_MANDIRI","rc":"96","status":"FAILED","message":"System Malfunction ISO-8583","bankLatencyMs":108,"cpuBurnMs":0,"totalLatencyMs":108,"msg":"payment failed"}
{"level":50,"time":"2026-04-22T04:34:38.139Z","service":"payment-gateway","pid":11812,"logger":"PaymentService","traceId":"aa084c4c5a8e22b8","txnId":"TXN-1776832478077-1047","customerId":"cust-003","amount":25000,"method":"GOPAY","rc":"96","status":"FAILED","message":"System Malfunction ISO-8583","bankLatencyMs":62,"cpuBurnMs":0,"totalLatencyMs":62,"msg":"payment failed"}
{"level":50,"time":"2026-04-22T04:34:42.545Z","service":"payment-gateway","pid":11812,"logger":"PaymentService","traceId":"9c29a8a802a354df","txnId":"TXN-1776832482444-1235","customerId":"cust-005","amount":500000,"method":"CREDIT_CARD","rc":"96","status":"FAILED","message":"System Malfunction ISO-8583","bankLatencyMs":101,"cpuBurnMs":0,"totalLatencyMs":101,"msg":"payment failed"}
{"level":50,"time":"2026-04-22T04:34:43.791Z","service":"payment-gateway","pid":11812,"logger":"PaymentService","traceId":"b6b8178107691138","txnId":"TXN-1776832483654-1287","customerId":"cust-001","amount":500000,"method":"VA_MANDIRI","rc":"96","status":"FAILED","message":"System Malfunction ISO-8583","bankLatencyMs":136,"cpuBurnMs":0,"totalLatencyMs":137,"msg":"payment failed"}
{"level":50,"time":"2026-04-22T04:34:46.962Z","service":"payment-gateway","pid":11812,"logger":"PaymentService","traceId":"af64f473c8986097","txnId":"TXN-1776832486901-1441","customerId":"cust-005","amount":50000,"method":"GOPAY","rc":"96","status":"FAILED","message":"System Malfunction ISO-8583","bankLatencyMs":61,"cpuBurnMs":0,"totalLatencyMs":61,"msg":"payment failed"}
{"level":50,"time":"2026-04-22T04:34:48.747Z","service":"payment-gateway","pid":11812,"logger":"PaymentService","traceId":"8f2b71d6b639ccf0","txnId":"TXN-1776832488611-1523","customerId":"cust-002","amount":10000,"method":"QRIS","rc":"96","status":"FAILED","message":"System Malfunction ISO-8583","bankLatencyMs":135,"cpuBurnMs":0,"totalLatencyMs":136,"msg":"payment failed"}
{"level":50,"time":"2026-04-21T06:28:43.381Z","service":"payment-gateway","pid":136707,"logger":"PaymentService","traceId":"dff3398be2a50c24","txnId":"TXN-1776752923274-1","amount":50000,"method":"QRIS","rc":"05","status":"FAILED","message":"Do Not Honor (Suspected Fraud)","bankLatencyMs":103,"totalLatencyMs":107,"msg":"payment failed"}
{"level":50,"time":"2026-04-21T06:32:49.429Z","service":"payment-gateway","pid":136707,"logger":"PaymentService","traceId":"fdf267e38ebadd9a","txnId":"TXN-1776753169322-8","customerId":"cust-001","amount":50000,"method":"QRIS","rc":"05","status":"FAILED","message":"Do Not Honor (Suspected Fraud)","bankLatencyMs":106,"totalLatencyMs":107,"msg":"payment failed"}
{"level":50,"time":"2026-04-22T04:34:16.742Z","service":"payment-gateway","pid":11812,"logger":"PaymentService","traceId":"805312d8856a0e45","txnId":"TXN-1776832456672-203","customerId":"cust-005","amount":250000,"method":"VA_BSI","rc":"05","status":"FAILED","message":"Do Not Honor (Suspected Fraud)","bankLatencyMs":70,"cpuBurnMs":0,"totalLatencyMs":70,"msg":"payment failed"}
{"level":50,"time":"2026-04-22T04:34:26.909Z","service":"payment-gateway","pid":11812,"logger":"PaymentService","traceId":"d832040617837f9b","txnId":"TXN-1776832466761-538","customerId":"cust-005","amount":1000000,"method":"CREDIT_CARD","rc":"05","status":"FAILED","message":"Do Not Honor (Suspected Fraud)","bankLatencyMs":148,"cpuBurnMs":0,"totalLatencyMs":148,"msg":"payment failed"}
{"level":50,"time":"2026-04-22T04:34:28.523Z","service":"payment-gateway","pid":11812,"logger":"PaymentService","traceId":"34a49bb5befc3e98","txnId":"TXN-1776832468428-611","customerId":"cust-002","amount":1000000,"method":"OVO","rc":"05","status":"FAILED","message":"Do Not Honor (Suspected Fraud)","bankLatencyMs":95,"cpuBurnMs":0,"totalLatencyMs":95,"msg":"payment failed"}
{"level":50,"time":"2026-04-22T04:34:45.762Z","service":"payment-gateway","pid":11812,"logger":"PaymentService","traceId":"8893f33c6e28196b","txnId":"TXN-1776832485605-1384","customerId":"cust-004","amount":25000,"method":"QRIS","rc":"05","status":"FAILED","message":"Do Not Honor (Suspected Fraud)","bankLatencyMs":156,"cpuBurnMs":0,"totalLatencyMs":157,"msg":"payment failed"}
{"level":50,"time":"2026-04-22T04:34:45.946Z","service":"payment-gateway","pid":11812,"logger":"PaymentService","traceId":"75bb07ba47329c61","txnId":"TXN-1776832485865-1395","customerId":"cust-005","amount":25000,"method":"GOPAY","rc":"05","status":"FAILED","message":"Do Not Honor (Suspected Fraud)","bankLatencyMs":81,"cpuBurnMs":0,"totalLatencyMs":81,"msg":"payment failed"}
{"level":50,"time":"2026-04-22T04:34:53.133Z","service":"payment-gateway","pid":11812,"logger":"PaymentService","traceId":"d682d801cea5901e","txnId":"TXN-1776832493072-1731","customerId":"cust-001","amount":25000,"method":"CREDIT_CARD","rc":"05","status":"FAILED","message":"Do Not Honor (Suspected Fraud)","bankLatencyMs":61,"cpuBurnMs":0,"totalLatencyMs":61,"msg":"payment failed"}
{"level":50,"time":"2026-04-22T04:34:53.229Z","service":"payment-gateway","pid":11812,"logger":"PaymentService","traceId":"1dfee926d0ae2592","txnId":"TXN-1776832493170-1735","customerId":"cust-003","amount":100000,"method":"QRIS","rc":"05","status":"FAILED","message":"Do Not Honor (Suspected Fraud)","bankLatencyMs":59,"cpuBurnMs":0,"totalLatencyMs":59,"msg":"payment failed"}
{"level":50,"time":"2026-04-22T04:34:54.012Z","service":"payment-gateway","pid":11812,"logger":"PaymentService","traceId":"7f3b033f00d9f63b","txnId":"TXN-1776832493900-1772","customerId":"cust-001","amount":10000,"method":"CREDIT_CARD","rc":"05","status":"FAILED","message":"Do Not Honor (Suspected Fraud)","bankLatencyMs":112,"cpuBurnMs":0,"totalLatencyMs":112,"msg":"payment failed"}
